P08144037A0000|0 10|Thioredoxin
P09001245A0187|0 5|NUP145
P02830265A0341|0 5|RPA190
P07542616A0486|0 4|GCD10
P08005438A1185|0 4|SPP41
P09121476T0000|0 4|PRH75
P09882303A1413|0 4|TRAF2
P10400757A0000|0 4|CXCR4
P11517269A0472|0 4|Pitx2
P11358962A0344|0 4|Foxp1
P10477597A0126|0 4|TRAF2
P09244350A0000|0 4|BRCA1
P07542616A0313|0 4|GCD10
P06775834A0000|0 4|HLA-A
P07959953A0423|0 4|IFI16
P10518502T0000|0 4|nos-1
P08196618A0473|0 4|PRL-1
P08070654A0574|0 4|CDC31
P01588961A0000|0 3|STP1
P01759052A0786|0 3|Appl
P09447963A0223|0 3|Sip1
P10393197A0543|0 3|DDP1
P11263664T0000|0 3|SIP1
P10931950A0869|0 3|Cdk2
P10544037A0617|0 3|FZD4
P07954891T0000|0 3|ERV1
P01825027T0000|0 3|PAS1
P02327159T0001|0 3|Lars
P03062370A0000|0 3|GCN4
P07768953T0039|0 3|EEA1
P09020169A0552|0 3|SIM1
P08070654A0000|0 3|KAR1
P08552670A0665|0 3|Abp1
P08336698T0000|0 3|TFEC
P10721717A0676|0 3|Fgd3
P10722661A0146|0 3|CYC2
P10742114A0486|0 3|Dll3
P11016954A0438|0 3|AGO1
P11056019A0926|0 3|MED1
P11378898A0164|0 3|ORF1
P11108720A0124|0 3|S6K2
P08647086A0622|0 3|Cdk2
P08621659A0189|0 3|Gas6
P08139928T0000|0 3|RNP1
P07557424A0124|0 3|XYL1
P08012448T0000|0 3|INO2
P01808186A0984|0 3|Pigs
P08702543A0000|0 3|Gap1
P08798610A0843|0 3|PIP2
P09475724T0000|0 3|TOR2
P10391903T0000|0 3|Gab2
P10490843A0159|0 3|BCL6
P07654239A0698|0 2|Max
P01730412T0000|0 2|Max
P01583819A0377|0 2|SEA
P02717349A0311|0 2|Men
P10682570A0453|0 2|LPO
P02895566A0187|0 2|DPA
P08972182A0527|0 2|Fas
P08798782A0976|0 2|Lck
P09006935A0590|0 2|Sp1
P09121430A0132|0 2|Shc
P09308234A0225|0 2|Mnt
P11150315A1126|0 2|NGF
P10817754T0000|0 2|H19
P11369700A0074|0 2|CSR
P11108151A0560|0 2|Ang
P11150315A0844|0 2|NGF
P11376165T0000|0 2|FLP
P08649405T0000|0 2|Sp1
P09182707A0254|0 2|SPP
P09488441A0615|0 2|Sp1
P09716183A1036|0 2|TBP
P09915860A0119|0 2|Sp1
P09639074A0707|0 2|Sp1
P09178752A0574|0 2|EGF
P10364163A0092|0 2|Hrs
P09147420T0000|0 2|TAR
P09880103A0387|0 2|MPO
P09990315A0205|0 2|TPO
P07535593A0714|0 2|CD7
P08710377A0577|0 2|Cbl
P02994336A0864|0 1|FK
P10364319A0109|0 1|Cp
P06627569T0001|0 1|HL
P09366628T0000|0 1|Re
P07119890T0000|0 1|Re
P11595478A1014|0 1|Hp
P08473731A0149|0 0|B
P07981143A0633|1 7|stretch
P09770493A0499|2 5|PP2A
P08319396A0448|2 3|T2
P10527475A0643|2 3|PC
P04039307A0613|2 2|d
P07835088A0238|3 8|HSD3B1
P11244568A0506|3 8|Gap69C
P02832149A1009|3 6|lack
P08524314A0216|3 6|TEA1
P09386074A0694|3 6|pigs
P07748848A0263|3 6|term
P02281948A0245|3 6|corn
P07737118A0317|3 6|MPS1
P03537727A0243|3 6|poly
P08119958A0273|3 6|lack
P09343432A0209|3 5|Scm
P08980413A0500|3 5|P13
P09368097T0000|3 5|pen
P09846927A0227|3 5|tip
P06585277A0000|3 5|man
P07463294A1216|3 4|wk
P06671385A0856|3 4|NA
P08654946A0475|3 4|aa
P07119890T0000|3 3|A
P03436877A0950|3 3|c
P03781000A0101|4 7|lack
P00910823A0196|4 7|term
P01321277A0664|4 6|SRC
P07891708A0690|4 6|Epo
P07567980T0000|4 6|p53
P07737508A0649|4 5|Tb
P07616056A0278|4 5|mu
P11160742A0696|4 4|Z
P09712898A0911|5 9|TRAF2
P09693035T0000|5 8|ULK1
P10662550A0679|5 8|SOX8
P09368760A0665|5 8|PDK1
P11560992A1184|5 8|MKK7
P09916809A0405|5 7|MGP
P09389669A1009|5 7|dpp
P03214709A0559|5 7|min
P10851089A1248|5 7|SAG
P10330159A1258|5 7|VDR
P11029700A0295|5 6|Pt
P11311980A1049|5 5|B
P10817754T0000|6 9|Igf2
P01630454A0635|6 9|poly
P01681075A0429|6 8|min
P08680706A0889|6 6|h
P09458021A1373|6 6|P
P09398855A0438|6 6|D
P02323517A0557|6 6|h
P09800187A0100|7 11|Trp53
P11278290A1220|7 11|Smad2
P10721717A0676|7 10|FGD1
P08836740A1025|7 10|CES1
P08325504A0226|7 10|RD19
P06027841T0000|7 10|spin
P09020169A0552|7 10|SIM2
P07742363A0941|7 9|Ser
P09806919A0447|7 9|usp
P07516469A1025|7 9|Src
P08226794A0501|7 8|Dk
P01064124A0560|7 7|d
P10536788A0931|7 7|d
P11415952A0369|7 7|Q
P09627285A0554|7 7|S
P09515924A0104|7 7|g
P08103379A0577|8 14|stretch
P09029104A0226|8 12|IGLL1
P09435789A0961a|8 12|RAD17
P11358962A0344|8 12|Foxp2
P08833653A0783|8 12|isl-1
P10518502T0000|8 12|nos-2
P11285235A0466|8 12|TRPS1
P09671464A0316|8 11|SNF1
P09753775A0734|8 11|ICK1
P02778237A0585|8 11|term
P09852068A0150b|8 11|SHBG
P10801330A1714|8 10|Cas
P08663310A0157|8 10|SRF
P09148770A0977|8 10|Csk
P02999267A0606|8 10|FAP
P10521796A0872|8 9|GC
P07519481A1275|8 9|Sl
P02348225A0192|8 9|SE
P10743719A0223|8 9|dg
P11105717A0123|8 9|T2
P01321277A0664|8 8|R
P11372882A1143|8 8|p
P06863087A0664|8 8|D
P03537727A0243|8 8|A
P06671385A0856|8 8|A
P08406497A0000|9 17|fibrillin
P11687180A3209|9 12|term
P09858577A1186|9 12|SKO1
P11023934A0855|9 11|chi
P07828600A0095|9 11|SSP
P08499376A0000|9 11|PRK
P07516337A1119|9 11|Lck
P10799595A1454|9 11|YY1
P06492188A0615|9 9|d
P11441952A0414|9 9|D
P10727511A0294|9 9|s
P07754713A0227|10 13|NUC1
P08647264T0000|10 13|CD40
P10074282A0236|10 13|side
P08290278A0374|10 13|Mxi1
P03360948A0477|10 12|CAP
P11150315A1126|10 12|EGF
P10593950A1113|10 12|WT1
P09227332A1798|10 12|DDC
P09584194A0000|10 12|Cas
P02776742A0000|10 11|HR
P08062833A0000|10 11|nt
P11372882A1143|10 10|p
P10528035A1102|10 10|P
P02209811T0000|11 20|peroxidase
P07929559A0000|11 16|dynein
P01468625A1080|11 14|ACT1
P01754381A0000|11 14|step
P11831512A0468|11 14|pigs
P04828587T0000|11 13|tha
P07780148A1153|11 13|PML
P06426493A0331|11 13|min
P10602516A0182|11 13|SLK
P11083358A1071|11 13|SPT
P07519481A1275|11 13|pan
P09020138A0833|11 13|Cas
P09710582A0535|11 13|Rho
P10049359A1073|11 13|unr
P10704283A0649a|11 12|Mb
P08143667A0222|11 12|sd
P01525153A0359|11 11|d
P10673426A0168|11 11|R
P11876937A0261|11 11|U
P11134822A0629|11 11|P
P10560997A1072|11 11|S
P08083011A0584|11 11|R
P10934640A1114|11 11|p
P10329586A0414|12 22|fibronectin
P09434160A2078|12 16|PTPRO
P09864141A0528|12 16|Stat3
P07624119A0528|12 15|PAX3
P08951815A0465|12 15|ASN1
P02123295A0645|12 15|ARF2
P08264579A1209|12 15|PTR2
P00921911A0159|12 14|PGF
P02204810A1080|12 14|GA2
P08994968A0926|12 14|arm
P08626313A1037|12 14|Msp
P08106369A0000|12 14|AVP
P02372712A0002|12 14|tap
P01547942A0120|12 14|LAP
P00837811A0675|12 13|MS
P09288848A0780|12 13|Gy
P07491111A0221|12 13|GR
P09098899A0000|12 12|B
P07800479A0201|13 16|NSR1
P08566773A1023|13 16|CTS1
P11470914A0305|13 16|Rac1
P09315651T0000|13 16|AP-2
P10471696A0734|13 16|SAS4
P01446828A1088|13 16|ADH5
P09407031A0557|13 16|Crb2
P11278583A0873|13 16|SNT1
P10722661A0406|13 16|CYC2
P01420363T0000|13 15|AP1
P11046148A0716|13 15|Lyn
P06382374A0206|13 15|min
P01457380A0000|13 15|ttk
P10489680A0927|13 15|MPO
P10549354A1782|13 15|APC
P09987634A1265|13 15|PRK
P08774732A0271|13 15|Sp1
P07705627A1107|13 15|Mad
P07592706A1465|13 15|LPL
P01762917A0615|13 15|Ser
P09000049A1341|13 15|Mnt
P07828584A0681|13 15|IM1
P07749088A0119|13 14|T2
P02971710A0734|13 13|S
P10773951A0000|13 13|A
P09573378A0761|13 13|D
P08986692A0306|13 13|S
P01961996A0522|13 13|R
P09435789A0961a|14 18|RAD24
P02555177A0488|14 17|LEU2
P02209540A1362|14 17|Ets1
P02751080A0176|14 17|shot
P09348226A0852|14 16|EGF
P09765388T0000|14 16|p53
P09647240A0000|14 16|p53
P09553040A0651|14 16|Epo
P09488486A0906|14 16|TBP
P01727494A0000|14 15|VV
P01751255A0529|14 15|CO
P11489597A0379|14 15|gd
P10852485A0477|14 15|CS
P01889753A0441|14 15|nt
P01645905A0341|14 14|N
P03104914T0000|14 14|t
P07754713A0227|15 19|PRP21
P09334330A0252|15 19|daf-3
P11323716A0413|15 19|RAD23
P07565776A0612|15 18|HOG1
P01324406A1250|15 18|RAD5
P00959656A0250|15 18|term
P11176098A0342|15 18|pigs
P02793216A0876|15 18|lack
P07730336A0606|15 18|CREM
P09346925A0660|15 18|Grb2
P08909546A0810|15 18|PEA2
P08794363A0259|15 18|bZIP
P08622645A1026|15 17|VDR
P08986812A1214|15 17|p53
P02691811A0355|15 17|min
P09278494A0762|15 17|Sp1
P10349443A0358|15 17|lab
P09277629A0268|15 15|N
P08670556A0425|15 15|p
P09121435A1183|15 15|B
P07681513A0000|16 32|phosphodiesterase
P08576245A0000|16 24|chaperone
P00622556A0111|16 23|collagen
P09373155T0000|16 21|dynein
P08385581A0126|16 21|REC114
P09761791A0489|16 21|U1-70K
P09685346A0419|16 20|Pitx2
P09421516A1516|16 20|decay
P01652372A0153|16 19|SWI5
P10729220A0000|16 19|IGF2
P09155024A0955|16 19|EFG1
P10786671A0182|16 19|step
P09927449A0421|16 19|POG1
P01468625A0282|16 19|LEU2
P10959838A0153|16 19|Fhit
P09713996A0262|16 19|MDR1
P09341193A0362|16 18|Sp1
P10620335A0749|16 18|AHR
P01168908A0000|16 18|PGF
P06451557A0777|16 18|tip
P10362652A1456|16 18|Sos
P08350398A1616|16 17|ER
P02372712A0002|16 17|TW
P07519481A1275|16 17|Sl
P11902781A0550|16 16|N
P01372456A0426|16 16|h
P09139737A0000|17 24|protease
P10890911A0470|17 21|Smad3
P07760841A0647|17 20|ADH2
P10747879A0607|17 20|CCR5
P00159600A0871|17 19|SHR
P11133830A0174|17 19|CD2
P07890674A0916|17 19|APC
P09366517A0835|17 19|WT1
P07540773A0576|17 19|MBP
P09000049A1341|17 19|Max
P08290278A0374|17 19|Mad
P11058406A0447|17 19|SLN
P09860979A0521|17 19|Cas
P09413375A1486|17 19|LIS
P08483479A1056|17 19|PTH
P02038784A0317|17 19|ARC
P11179689A0000|17 19|Sry
P10660676A0000|17 19|cyc
P11029700A0295|17 18|Os
P06810070A0502|17 18|Hg
P06630319A0244|17 17|h
P11218739A0811|17 17|P
P02291144A0493|17 17|r
P08622698T0000|18 23|Notch1
P02714852T0000|18 22|HLA-B
P09583823A0238|18 21|pigs
P10544037A0617|18 21|FZD9
P10231026A0253|18 21|Elk1
P09806546A1270|18 21|RFX5
P10602502A0422|18 21|Tob2
P01918010A0000|18 20|LPL
P07746937A0100|18 20|EFR
P11158236A0000|18 20|NGF
P01721261T0000|18 19|FK
P02000093A0794|18 19|cv
P09135928A0912|18 18|P
P07665605A1127|18 18|D
P01158512T0000|19 31|dehydrogenase
P08377199A1432|19 23|patch
P10393422A0476|19 23|LAMB2
P10556089A0901|19 23|etr-1
P08406497A0000|19 22|FBN1
P09880512A1251|19 22|Bmp2
P10330134A0765|19 22|RFX1
P11094087T0000|19 22|Rnd3
P10377438A0647|19 22|UBC9
P10733569A0364|19 22|HSF1
P08223613A0105|19 22|TPS1
P11263664A1085|19 22|SIP1
P06150069A0422|19 21|VCR
P08776901A0000|19 21|chm
P07519481A1275|19 21|pan
P09246343T0000|19 21|man
P08721999A0727|19 20|nt
P02206858A0000|19 20|PC
P10426450A1458|19 20|SA
P04086403A1016|19 19|P
P11821098A0269|19 19|S
P11879108A0719|19 19|A
P01279352A1197|19 19|H
P11404312A0660|19 19|P
P10521447A0606|19 19|B
P09465035A1032|19 19|s
P08914388A1645|19 19|H
P09522979T0000|20 30|fibronectin
P09426595T0000|20 28|reductase
P01626430A1112|20 24|RAD16
P08566773A1023|20 23|CTS2
P10375638A0859|20 23|UTR1
P08617216A0584|20 23|DnaJ
P09139892A1150|20 23|orfX
P08497280A0266|20 23|SWI4
P10471696A0734|20 23|SAS5
P10807900A0933|20 23|lack
P02088781A0653|20 22|fog
P08321203A0840|20 22|Rel
P02293019A0000|20 22|ALP
P10684069A0508|20 22|MIP
P09218459A0000|20 22|SRF
P02669199A0000|20 22|TNF
P09341193A0362|20 22|Sp3
P10049357A0608|20 22|Ski
P08265955T0000|20 22|NHS
P11250942A0626|20 22|VDR
P09448268A0186|20 22|Nlk
P10650938T0000|20 21|ER
P09590540A0513|20 21|nt
P07784199A0000|20 21|rp
P11181525T0000|20 21|AR
P09272138A1153|20 21|CR
P03143048A1091|20 20|P
P07007591A0324|20 20|R
P07789275A0325|20 20|s
P10501969A1329|21 26|GATA-5
P09188863A0954|21 26|CDC25B
P02233729A1065|21 24|Dhfr
P09023378A0959|21 24|CBF1
P11101847A0159|21 24|E2F1
P08816483A0869|21 24|SIC1
P02209540A1362|21 24|Ets2
P09524122A0336|21 24|GPA2
P02269426A0428|21 23|TAR
P04679438T0001|21 23|mud
P11254713A1029|21 23|Tat
P08276234A0119|21 23|YY1
P09670943T0000|21 23|BCR
P09333026A0397|21 23|brk
P05758469T0001|21 23|man
P08871635A0000|21 23|BCR
P07494244A0335|21 23|YY1
P11408338A1686|21 23|PSP
P10559324A0716|21 22|Ad
P10322022A0263|21 22|aa
P03759330A0713|21 22|F2
P02198259A0685|21 21|N
P10684304A1242|21 21|U
P11023934A0855|21 21|P
P10627532A0739|21 21|R
P11403719A1257|22 25|Gab1
P11012680A0676|22 25|FGF1
P07862141A1412|22 25|RFX1
P09323366A0000|22 25|MLS1
P11113179A0541|22 25|SRC1
P09435789A0961a|22 25|MEC3
P09259052A0568|22 24|Jun
P10347839A0434|22 24|dog
P07926739A0766|22 24|GL2
P08621719A0568|22 24|Cbl
P09860979A0521|22 24|Cas
P11074003A0741|22 24|Shh
P11543154T0000|22 23|Tb
P01483771A1335|22 23|NA
P08293992A0432|22 23|nt
P02735364A1330|22 22|p
P11408604A1440|22 22|D
P07007591A0324|22 22|t
P06517816A0388|22 22|p
P08045834A0783|22 22|P
P10488337T0000|23 31|chaperone
P10347203A0832|23 27|STAT3
P10557072A1218|23 26|ULK2
P01516829A0113|23 26|SNF2
P07816617A0763|23 26|HAC1
P07235355A0462|23 26|COPD
P10611235A1927|23 26|step
P11323716A0413|23 26|DDI1
P01612085A0624|23 25|EPO
P06548953T0001|23 25|HTS
P10406465A0589|23 25|VDR
P10878398A0542|23 25|Epo
P07687541A0992|23 25|Ran
P10779329T0000|23 25|Src
P02720966A0455|23 25|ADA
P01372802A1481|23 24|C3
P07679836A0387|23 24|FK
P09999742T0000|23 24|Si
P10090535A1194|23 24|TG
P11883763A1062|23 24|Pu
P09352016A1110|23 24|pg
P01525153A0359|23 23|d
P11902781A0550|23 23|N
P10684304A1242|23 23|L
P01864510A0946|23 23|h
P09446600A0260|24 41|beta-galactosidase
P03190481A0292|24 31|esterase
P09079638A0883|24 28|CXCR2
P01331057A0000|24 28|COX12
P06324089A0453|24 27|GAL7
P10330134A0765|24 27|RFX2
P07926748A0383|24 27|NOT3
P11793614A0000|24 27|lack
P07883167A0157|24 27|UPF1
P07516866A0000|24 27|PRLR
P07565797A0116|24 27|CRY1
P09032259A0150|24 27|Rac1
P11274184A1068|24 27|ATF4
P11044097A0422|24 26|HMG
P09324988X0000|24 26|ras
P10485470A0242|24 26|Sp1
P09132057A0559|24 26|NTS
P11872570T0000|24 26|NHS
P08566756A0752|24 26|SAP
P01830114A1587|24 26|NS1
P10931927A0655|24 24|A
P08933487A0325|24 24|W
P01674817A0862|25 29|RNA14
P10544037A0617|25 29|FZD10
P09806546A1270|25 29|RFXAP
P11368911T0000|25 29|smg-4
P08537403A0336|25 29|LIMK1
P08647086T0000|25 28|Cdk2
P11309077A0953|25 28|Camp
P11054571A0230|25 28|TEN1
P03346210A0000|25 27|EGF
P00644314T0000|25 27|man
P10954093A0000|25 27|Pat
P11472696A0387|25 27|CRP
P10209759T0000|25 27|min
P07588628A0318|25 27|p53
P10521450A0437|25 27|Lyn
P09763470A0000|25 27|DBH
P08063108A0109|25 26|nt
P10627532A0739|25 25|Z
P09530251A0766|25 25|h
P11067928A0532|25 25|H
P02437792T0000|26 32|amylase
P09030581A0990|26 30|MKP-4
P11111051A0051|26 30|Tip60
P08524241A0212|26 30|HSP82
P10490639A0000|26 30|PHO85
P01597462A0457|26 30|CDC14
P01626430A1112|26 30|RAD54
P05120197T0000|26 29|pigs
P08395014A1364|26 29|BCK2
P08349104A0000|26 29|GAL1
P08816483A0869|26 29|SWI5
P11238882A0157|26 29|eIF6
P09150728A0596|26 29|HES1
P09420275A1111|26 29|CBF2
P02821340A0434|26 28|DCR
P07935370A0000|26 28|CD4
P09556566A0174|26 28|VDR
P09718671A0000|26 28|AIS
P06658445A0140|26 28|man
P09047344A0000|26 28|CBP
P08917449A0000|26 28|LIF
P09488486A0000|26 28|TBP
P09352016A1110|26 27|ml
P10488129T0058|26 26|S
P04075061A0355|26 26|L
P07937132A0819|27 33|stretch
P01723962A0165|27 33|amylase
P08887661A1061|27 31|TFIIB
P09364750T0000|27 31|SUP35
P09882303A1413|27 31|TRADD
P02674141A1202|27 30|CTSE
P09418871A0620|27 30|E2F1
P09822825A0141|27 30|BAP2
P08848052A0733|27 30|Gle1
P09049304A1193|27 30|AP-2
P10706475A0644|27 30|DSPP
P01762917A0615|27 29|Glu
P07494293A0585|27 29|tip
P10362652A0350|27 29|EGF
P03628713A0961|27 29|AIB
P11152283A0223|27 29|NGF
P11367523A1684|27 29|C4A
P09367426A1354|27 28|hh
P07607669A1112|27 28|GC
P08101843A0151|27 28|TH
P11902781A0550|27 27|N
P07775428A0172|27 27|s
P09049270A0488|27 27|A
P10934640A1114|27 27|p
P10423292A0782|28 32|Spam1
P07784078A1064|28 31|lack
P08195216A1022|28 31|HIS3
P01516829A0113|28 31|SNF5
P08784787A0383|28 31|PAR2
P09570107A0355|28 30|ESP
P09750540A0000|28 30|MCS
P10491187T0000|28 30|PTS
P08374753A0335|28 29|T2
P11274563T0000|28 29|MR
P11435517A0396|28 29|CP
P01310154A0879|28 28|N
P01371275T0000|28 28|B
P09354676A1714|28 28|t
P10775267A0363|28 28|L
P03722016A0797|28 28|P
P07499401A0444|28 28|H
P09335619A0583|28 28|R
P09300697A0000|29 36|protease
P09651375T0000|29 33|RGS12
P02934778A0702|29 33|5-HT2
P11024047A0626|29 33|Smad2
P11311464A0362|29 32|pain
P11256944A1144|29 32|ATF6
P09043768A0139|29 31|BLM
P08204348T0000|29 31|VIP
P08248246A0838|29 31|Sp1
P07729427A0942|29 31|TBP
P09362105X0422|29 31|PVR
P10669736A0903|29 31|CAT
P06503132A0784|29 30|Hn
P09156883A0294|29 30|HR
P10750020A0843|29 30|ER
P11902781A0550|29 30|H3
P01788002T0001|29 29|B
P09786404A0541|29 29|P
P04039307A0613|29 29|P
P11408604A1440|29 29|D
P04084607A0663|29 29|T
P11595170A0582|30 34|NR5A2
P09503017A1021|30 34|HYAL1
P09882303A1984|30 34|TRADD
P10706887A1457|30 33|ATIC
P09010223A0667|30 33|ELK1
P02293019A0000|30 32|mol
P03491190A0233|30 32|RCA
P10521450A0437|30 32|Syk
P07711730A0000|30 32|CPT
P10485470A0242|30 32|Sp3
P07112320A0086|30 32|ADA
P03098018A0139|30 31|cm
P02194972T0000|30 31|HR
P02158927A0000|30 31|nt
P10865422A0138|30 31|SF
P09168083A0987|30 30|P
P07191183A0505|30 30|s
P11067928A0532|30 30|J
P11566874T0000|31 36|dynein
P08340400T0000|31 35|RPE65
P02107073A0584|31 34|STE4
P02167784A0109|31 33|air
P07935626A1249|31 33|trp
P10748125A0000|31 33|I-2
P08631908A0224|31 33|DR4
P07636984A1349|31 33|SP1
P07799931A1232|31 33|Nrl
P07724452A0344|31 33|pen
P00644539A0783|31 32|ml
P07945134A0079|31 32|ft
P11278286A0456|31 32|MR
P01470243A0871|31 32|Ht
P00193088A0196|31 31|g
P01779769A0000|31 31|c
P06809474A1156|31 31|h
P02774808A0194|31 31|P
P09006902A0370|32 36|MEKK3
P09067577A0307|32 35|CRKL
P10841537A0669|32 35|RPB5
P09053494A0612|32 35|CD34
P09611229A1664|32 35|FAS1
P10330134A0765|32 35|RFX3
P09736697A0783|32 35|MEK1
P02122454A1042|32 34|Ser
P02776742A0000|32 34|Tre
P09050861A0903|32 34|DEK
P08626493A1468|32 34|CR2
P10688660A0992|32 34|CBP
P10477583A0000a|32 34|BCR
P09222057A0176|32 34|PDF
P09490676A0800|32 34|Myb
P09341158A0167|32 34|mu1
P10477583A0000b|32 34|BCR
P11221845A1370|32 34|mlt
P08534848A0188b|32 33|cv
P08534848A0188a|32 33|cv
P10517666A1069|32 33|GR
P08444345A0403|32 33|aa
P09914525A0890|32 33|tm
P03110692A0156|32 32|P
P10891093A0000|32 32|H
P11067928A0532|32 32|H
P10211919A0846|32 32|p
P11263622A0683|32 32|p
P10896859A0000|32 32|h
P06503132A0784|32 32|s
P11128312A1238|32 32|p
P08816482A0234|33 38|Stat5a
P01674817A0862|33 37|RNA15
P08537403A0336|33 37|LIMK2
P08441423A0145|33 36|GCD6
P07751848A0222|33 35|CPT
P09032259A0972|33 35|SRF
P09754571A1257|33 35|arm
P00555583T0000|33 35|man
P10799879T0000|33 35|Lnk
P09398332A0732|33 35|mu2
P09652742A0455|33 35|p53
P08660866A0504|33 35|Brd
P10518561A0885|33 35|Tec
P08541793A0796|33 35|min
P09538220A0000|33 35|mrr
P11367523A1684|33 35|C4B
P09234717A0000|33 35|Cbl
P07862533A0000|33 35|WT1
P08921865A1293|33 34|ss
P11535832A0586|33 34|aa
P03372422A0558|33 34|Ar
P07957632A0000|33 33|R
P09282985A0961|33 33|p
P10066815T0000|34 44|phosphatase
P10541865A1301|34 39|CDKN2A
P02437792T0000|34 39|lipase
P10333481A1102|34 37|UCP2
P02547778A0786|34 37|ANT1
P10913304A0894|34 37|Ets2
P08816483A0869|34 37|RIC3
P10409741A0382|34 37|CDC4
P01626430A1112|34 37|SNF2
P08182056A0695|34 37|NQO2
P00657551T0000|34 36|man
P10706887A0281|34 36|ALK
P10464310A0218|34 36|Crk
P09714835A0345|34 36|CPD
P07891713T0000|34 36|Fos
P00961711T0000|34 36|seg
P10571474A0571|34 36|CA3
P08662617A2051|34 36|HIP
P10419521A0136|34 36|ELL
P11606538A1002|34 36|Nrk
P11278286A0456|34 35|GR
P09382498A0618|34 35|cm
P10402022A0432|34 34|s
P04791420T0000|34 34|S
P11902781A0550|34 34|N
P11046517A0619|34 34|Z
P10472836A0189|34 34|P
P09364750T0000|35 39|SUP45
P07595221A0733|35 39|CIITA
P08895579A0583|35 38|MDM2
P09800187A0100|35 38|TP53
P09705352A0879|35 38|Mcm2
P08702728A1325|35 37|Shc
P10924061A0588|35 37|min
P09376782A0328|35 37|MMT
P11007949A1607|35 37|ILK
P09035307A0000|35 37|man
P02307850A1197|35 37|Con
P07569075A0585|35 36|CR
P09536901A0362|35 36|T2
P10756094A0671|35 36|Mb
P11227039A0953|35 35|P
P02838319A0527|35 35|p
P11238447A0524|36 41|eIF-5A
P11250942A0626|36 40|GRIP1
P10400757A1498|36 40|CXCR4
P10779508A0897|36 40|GRIP1
P09736697A1107|36 40|Stat3
P00168431T0000|36 39|term
P09247645A0000|36 39|SEC3
P10637337A0545|36 39|TFA1
P07797077A0842|36 38|Pip
P11078726X0000|36 38|p53
P09263856A0563|36 38|Gla
P09677410A1059|36 38|p53
P06517816A0388|36 38|Tre
P01334493A0289|36 38|HGF
P01499213A0185|36 38|man
P07894021A1130|36 38|DS2
P04428800T0001|36 38|LAP
P06731302A0930|36 38|SCD
P08918456A0455|36 37|mu
P07243380A0327|36 36|P
P03000457A1554|36 36|t
P11214354A1104|36 36|p
P11443509A0293|36 36|y
P08990168A0688|37 41|STAT1
P11459962A0785|37 41|Rad52
P07743515A0223|37 40|AAMP
P11005831A0242|37 40|bZIP
P10748113A0187|37 40|RIM2
P10541550A0487|37 40|ACE3
P09451003A0894|37 39|CRP
P01645902A1462|37 39|Syn
P11886473A0796|37 39|nod
P09285715A1257|37 39|Rev
P10722737A1726|37 39|Sp1
P09706565A1072|37 39|min
P09151806A1125|37 39|LAT
P01675763A1389|37 39|CD4
P08085782A0164|37 38|cm
P07937132A0819|37 38|nt
P00565314A0293|37 37|g
P08937989A1365|37 37|N
P09049270A0488|37 37|B
P11831512A0468|37 37|d
P10559364A0846|37 37|h
P01895370A0199|37 37|S
P10101744A0917|37 37|h
P09376626A0737|37 37|h
P07957632A0000|37 37|R
P11282088A0837|37 37|P
P10997904A1258|38 42|patch
P09882303A1984|38 42|TRAF2
P09182990A0245|38 42|SUP45
P07754713A0227|38 41|CDC6
P11007954A0170|38 41|Grb2
P11336211A0132|38 41|Appl
P09845662A0085|38 41|lack
P03073091A0449|38 40|min
P08580083A0259|38 40|Fyn
P09530251A0766|38 40|min
P10704975A0479|38 40|min
P10446206A0000|38 40|PS1
P02180935A0535|38 40|min
P01333317A1008|38 40|Sp1
P08619866A0000|38 40|HGF
P09341158A0167|38 40|mu2
P09638793A1446|38 40|Hct
P07639106A0678|38 40|fit
P11207288A0897|38 40|ABR
P10585480A0157|38 40|Sos
P01469047A1606|38 39|aa
P07666415A0000|38 39|cp
P09789795A0607|38 38|A
P07706273T0000|38 38|H
P07918494A1163|39 49|thioredoxin
P09506962A1000|39 45|calpain
P09119112A1350|39 44|GATA-5
P11069897A1112|39 43|BACH1
P11003641A0811|39 43|RAP74
P01468625A1080|39 42|NSR1
P10913304A0894|39 42|Fli1
P09434160A2078|39 42|CD34
P09922230A1482|39 42|CAP1
P09215891A0000|39 42|CIN1
P09745797A0943|39 42|pain
P08486705A0181|39 42|TIF5
P08389453A0193|39 42|step
P08139542A1229|39 42|CPA1
P09479498A0000|39 42|RNF4
P09990507A0763|39 42|Pop1
P02923687A0218|39 42|side
P02167784A0109|39 41|min
P08552082A0480|39 41|CAP
P08945810T0001|39 41|man
P02179815A0582|39 41|CEF
P09369453A0273|39 41|BAD
P07791764A0357|39 41|Cbl
P09688264A1029|39 41|spi
P02333749A0411|39 41|SPT
P03911052A0909|39 40|CP
P01418834A0987|39 39|H
P10440923A0684|39 39|h
P08349632A0679|39 39|L
P02393001A0324|39 39|r
P08005412A0608|39 39|P
P01675424A0991|39 39|P
P07945134A0079|39 39|m
P09075739A0827|39 39|S
P11285329A0682|39 39|P
P10425094A1006|39 39|s
P01709486A0000|39 39|W
P02483210A0000|40 46|amylase
P10359664A0579|40 45|MARCKS
P07553942A0810|40 44|rrn26
P01518833A0397|40 43|poly
P09144165A0614|40 43|NFAT
P10913276A0510|40 43|SOS1
P02055484A0538|40 43|ATG1
P07537736A0453|40 43|Jak2
P01506746A0476|40 43|pigs
P02562787A0637|40 43|CNBP
P02482293A1518|40 42|TNF
P07021505A0510|40 42|DPB
P08605705A0676|40 42|CIC
P08383214A0389|40 42|Pol
P09524250A0767|40 42|AP1
P09882334A0822|40 42|FLK
P02204029A0184|40 42|unr
P08454591A1322|40 42|TNF
P01681075A0429|40 42|min
P02505087A1037|40 42|Fos
P08896272A0000|40 42|arm
P00101300A0257|40 41|T2
P08114745A0953|40 41|La
P01751255A0529|40 40|p
P08413239A0490|40 40|N
P11040219A0548|40 40|N
P09092675A0283|40 40|A
P10767338T0000|41 46|ATP2C1
P10064604A0824|41 46|TFIIIA
P08139543A1520|41 45|NHP6A
P11027280A0536|41 45|Smad2
P01532796A0107|41 44|step
P09010223A0667|41 44|FLI1
P11007949A1395|41 44|PTEN
P01505488A0231|41 43|EVL
P09010223A1850|41 43|SRF
P09755199A0373|41 43|Scm
P08631760A0609|41 43|Crk
P09880029A0703|41 43|Rep
P08655497A0000|41 43|min
P01594554A0845|41 43|CCK
P08269424A0339|41 43|TRH
P09287362A0589|41 43|csk
P09089653A0615|41 42|nt
P07780148A1153|41 41|S
P10699896A0455|41 41|P
P02113699A0372|41 41|N
P10637149A0806|41 41|p
P03710973A0817|41 41|P
P09609720A0357|41 41|N
P07957632A0000|41 41|R
P07761091A0294|42 52|phosphatase
P08816482A0234|42 47|Stat5b
P10510379A0105|42 46|STAT6
P01855255T0000|42 45|RCC1
P10037681A0494|42 45|PLD1
P02326946T0000|42 45|LCAT
P03443609A0000|42 44|SFC
P06705456A0346|42 44|min
P09710614T0000|42 44|CD2
P09032267A0850|42 44|CBP
P01321277A0342|42 44|ros
P01420177A1065|42 44|Ser
P08675763A0788|42 44|Met
P11314030A1264|42 44|Crk
P11070078A1153|42 44|p53
P11113179A0541|42 44|CBP
P11029700A0746|42 43|Os
P10708769A0433|42 43|ER
P01418834A0987|42 42|P
P09311568A0595|42 42|Q
P03000457A1554|42 42|h
P09498769A0095|42 42|B
P07933116A0412|42 42|B
P08412120A0839|42 42|P
P07642544A0868|43 53|phosphatase
P00221725A0523|43 52|peroxidase
P10541865A1301|43 48|CDKN2B
P01549125A0140|43 46|IAPP
P07754713A0227|43 46|CRY2
P09211913A0000|43 46|ARNT
P02069873X0000|43 45|vav
P08496184A0772|43 45|min
P10833461A0603|43 45|PAC
P09844106A0835|43 45|FLG
P09931191A0434|43 45|Con
P10587460A0302|43 45|VDR
P03759731A0992|43 44|m2
P10681588A0899b|43 44|C6
P10681588A0899a|43 44|C6
P09369450A1358|43 44|GR
P09617765A0174|43 44|nt
P07583562A1826|43 44|TG
P07499401A0444|43 43|H
P10924061A0588|43 43|h
P10786742A0670|43 43|h
P10527180A0869|43 43|P
P09376626A0737|43 43|h
P07973397T0001|44 47|salt
P10454550A0960|44 47|Reg1
P10683244A1860|44 47|CFTR
P11250942A0626|44 47|RAC3
P08896280A0860|44 47|IME1
P01324172A0880|44 47|RIM1
P09215891A0000|44 47|CIN2
P08666398T0000|44 47|CLN3
P10724483A0540|44 47|SRP1
P10330396A0387|44 47|CRM1
P10933728A1398|44 47|CBF2
P02088781A0653|44 46|fog
P10370675A0649|44 46|HCC
P10706475A0644|44 46|DSP
P02532032A0385|44 46|PAC
P09712037A0470|44 46|Fyn
P08879080A0265|44 46|fit
P07670943A0308|44 46|CAD
P01930470A0337|44 46|PTH
P11158295A0158|44 46|Csk
P08524292A1022|44 46|YY1
P01543909A0787|44 45|Lg
P09150595A0225|44 45|HR
P10713161A0985|44 45|ts
P01448917A0775|44 45|aa
P08676495A0129|44 45|nt
P09570944T0000|44 45|Mb
P07622058A0411|44 45|aa
P01295373A0651|44 44|A
P07857344A0591|44 44|h
P07107773A0000|44 44|m
P09331864A0230|44 44|d
P08317094A0778|44 44|A
P06095372A0435|44 44|h
P08710377A0577|45 48|Grb2
P08990168A0688|45 48|JAK1
P11029700A0746|45 48|CycH
P01695116A0078|45 47|CR1
P07958446A0000|45 47|fkh
P11027724A0335|45 47|Ser
P09652736A1205|45 47|p53
P09321930A0567|45 47|p53
P09832504A0596|45 47|Tat
P04160980T0000|45 47|dog
P02597484A0624|45 46|De
P01518833A0397|45 45|A
P11686239A0464|45 45|T
P04627477T0001|45 45|H
P08336543A0243|45 45|A
P10856491A0178|45 45|s
P08838805T0000|46 51|CTNNB1
P10380878A0542|46 49|Bin1
P09990507A0763|46 49|Pop2
P11113199A0800|46 49|lack
P09447962A1027|46 49|XRN1
P08497269A0999|46 49|GCN1
P07851758A0330|46 49|TPK2
P10713175A1399|46 49|Mdm2
P08918456A0455|46 49|AP-2
P08037338A0000|46 48|EPO
P09435056A0128|46 48|Cys
P09264466A0947|46 48|APC
P09371626A1345|46 48|VP2
P07916327A0250|46 48|GSC
P11169080T0000|46 48|Bok
P10721714A1087|46 48|Sp1
P09209312A0968|46 47|nt
P01487144A0505|46 46|A
P07583562A1826|46 46|P
P09092675A0283|46 46|U
P09763470A1756|47 52|Phox2a
P01674817A0862|47 51|RNA14
P08910292T0000|47 51|Cdc42
P01334428A1102|47 50|poly
P07537736A0453|47 50|PRLR
P01832152A0902|47 50|ORF1
P07449221A0086|47 50|slip
P07897696A0000|47 50|ALAD
P07588777A1524|47 49|CTD
P10221820A0902|47 49|AMT
P09945838T0000|47 48|Ga
P03249840A0411|47 47|s
P11181548A0214|47 47|s
P11431472A0540|47 47|d
P07592072A0217|47 47|d
P09311568A0595|47 47|S
P10645921A1320|47 47|P
P08844712A0000|47 47|A
P09533030T0000|48 61|oxidoreductase
P02483210A0000|48 53|lipase
P09367676A1115|48 53|Tbxas1
P11160896A0713|48 52|Smad2
P11309400T0000|48 52|decay
P07588240A0000|48 52|ced-3
P07553942A0810|48 51|cox3
P11513579A0372|48 51|Rac1
P08316209A0000|48 51|CYS3
P08885270A0428|48 51|PAO1
P11340080A0096|48 51|Rad1
P07636962A1883b|48 51|GAL4
P09046384A0403|48 50|CD4
P10228009A0600|48 50|TNF
P09813041A1122|48 50|Jun
P09802206A1058|48 50|TEF
P00425547A0000|48 49|os
P06336045A0261a|48 49|SA
P09645942A1164|48 49|8S
P06336045A0261b|48 49|SA
P08278929A0866|48 49|ml
P10742114A0486|48 49|pu
P09472616A1004|48 48|B
P09669641A0425|49 55|amylase
P10453006A0478|49 53|PSMB9
P11027280A0536|49 53|Smad4
P07623840A0352|49 52|GCN2
P07852400A0519|49 52|Rac2
P09252406A0511|49 52|Grb2
P01312005A0600|49 52|MDP1
P11038366A1417|49 52|PP2A
P11094073A0000|49 52|Vav3
P03714348A0833|49 51|CIC
P11193045A1193|49 51|p53
P11164078A0833|49 51|man
P01546522A0000|49 51|PML
P09769910A1700|49 51|TNF
P01383690A1023|49 51|BCR
P08550425A1401|49 51|POR
P09321930A0567|49 51|DCC
P00665053A0276|49 50|H1
P08294429A0153|49 50|FR
P08905819A0531|49 50|sm
P01766876A0000|49 50|mu
P02330333A0325|49 50|Ga
P02691557A0273|49 49|h
P09913308T0000|49 49|J
P09311568A0595|49 49|A
P07675445A0463|49 49|p
P11227039A0953|49 49|P
P11509266A0955|49 49|P
P01895370A0199|49 49|D
P00054900A0226|50 57|esterase
P11056007A0224|50 56|stretch
P09922856A0459|50 54|patch
P09790771A1032|50 53|Gng3
P08637717A1231|50 53|PCNA
P10652362A0933|50 53|CFTR
P11084649A0497|50 53|side
P02055484A0538|50 53|ATG2
P08415643A0555|50 53|RCC1
P09381950A0209|50 52|min
P09405685A0113|50 52|p53
P06252883A0100|50 52|H10
P01846803A0688|50 52|Tyr
P08933487A0325|50 52|run
P11333268A1521|50 52|Sos
P09881692A0094|50 51|b6
P07864652A0753|50 51|H1
P09936001T0000|50 51|Ga
P03395164A0000|50 51|FU
P11159363A1251|50 50|m
P01400401A0065|50 50|L
P01371275T0000|50 50|H
P11027289A0000|50 50|s
P06487290A0000|50 50|P
P07995173A0585|50 50|r
P09556573A1062|50 50|S
P10438941A1197|50 50|B
P09845662A0085|51 58|collagen
P09858581A0183|51 56|SPP381
P08034741A0000|51 56|myosin
P10407269A0000a|51 55|cdc14
P11241356T0000|51 55|Smad3
P10407269A0000b|51 55|cdc14
P01970801A0925|51 54|OSBP
P10395827A1297|51 54|coil
P11044105A0616|51 54|ESS1
P10497874A0925|51 54|PIP2
P02107548A0727|51 54|poly
P08702728A1325|51 53|Shc
P10544088A0308|51 53|CAT
P08878573A1370|51 53|ATO
P02802280A0495|51 53|PTS
P09366517A1828|51 53|WT1
P09789025A0149|51 53|SRF
P08668190A1364|51 51|H
P06468565A0000|51 51|N
P02838319A0527|51 51|p
P07757315A1227|51 51|h
P11046517A0619|51 51|Z
P10677214A1045|51 51|k
P11000250A0200|52 56|TRADD
P08114702A0000|52 55|MEF2
P01256410T0001|52 55|term
P02705296A0231|52 55|ORF1
P01334428A1102|52 54|Glu
P01321277A0342|52 54|SRC
P02158099A0487|52 54|CCL
P09482107A0551|52 54|C3G
P09268387A0293|52 54|ELL
P11012680A0676|52 54|Src
P11278848A1316|52 54|Sp1
P08902214A1486|52 54|PRL
P09445056A0215|52 54|bis
P08479742A0985|52 54|p53
P08675395A0751|52 54|fit
P03004364A0775|52 54|ADM
P09382886A1061|52 54|PKD
P07959015A0478|52 53|aa
P02044975A0380|52 52|P
P08639561T0000|52 52|R
P04084607A0663|52 52|N
P02928112T0000|52 52|A
P02027839A0250|52 52|P
P10706887A0281|52 52|t
P07490079T0000|53 63|phosphatase
P11278563A0917|53 57|Grb14
P02405393T0000|53 56|ETS2
P07537362A1112|53 56|Eps8
P08977235A0134|53 56|JAK1
P11340080A0096|53 56|Hus1
P09255349A0836|53 56|IRA1
P08723883A1684|53 55|hay
P11287611A0802|53 55|PGD
P09321930A0567|53 55|APC
P02257899T0000|53 55|man
P09800187A0100|53 55|Tk1
P09209312A0968|53 54|nt
P11524015A0937|53 54|nt
P07021505A0510|53 53|P
P09371657A0165|53 53|A
P08641705A0986|53 53|A
P10556595A0391|53 53|T
P10417331A1008|53 53|k
P11056019A0926|53 53|N
P10564280A0140|54 60|YT521-B
P04239041T0045|54 59|ATPase
P07863047A0229|54 57|COPD
P09514159A0562|54 57|Ptx1
P09447963A0223|54 57|SC35
P11560992A0651|54 57|MKK7
P10913304A0894|54 57|SAP1
P08643633A1187|54 57|CBF1
P10331646A0595|54 57|ART5
P05787318T0000|54 56|man
P01983026A0483|54 56|min
P09609342A0000|54 56|CFP
P11035037A0183|54 56|TBP
P07890674A0916|54 56|APC
P09230384A0725|54 55|MB
P08193147A0831|54 55|Dg
P03181276A0422|54 54|h
P10007564T0000|54 54|W
P06503329A0588|54 54|g
P10642524A0156|54 54|N
P02153683A1579|55 61|ankyrin
P01371275T0000|55 60|ATPase
P10660069A0819|55 58|HOG1
P10329736A1106|55 58|SHP2
P09010223A0667|55 58|ETS1
P07487067A0592|55 58|APS1
P07565723A0200|55 57|CTD
P09883639A0000|55 57|NTM
P09020169A0552|55 57|AHR
P08842143A0000|55 57|hup
P10364202A0646|55 57|DBP
P08878045A0606|55 57|CTD
P08076631A0000|55 57|VDR
P10490604A0601|55 57|Fyn
P08661114A0564|55 57|SIM
P08057762A0878|55 56|T2
P11884014A0665|55 56|GI
P10592791A0370|55 56|SE
P10964995A2152|55 56|ER
P10193950A0478|55 56|T2
P06517816A0388|55 56|HR
P10864989A0484|55 55|p
P09151152A0174|55 55|p
P01878755A0496|55 55|P
P08630583A1056|55 55|Q
P08639561T0000|55 55|R
P11159363A1251|55 55|m
P07559233A0534|55 55|P
P11157334A1107|55 55|P
P09441746A0546|56 60|GPR39
P08824884A0000|56 60|FRAXE
P08921387A1182|56 59|EZH1
P11323411A0505|56 59|SHP2
P03300118A0392|56 59|pigs
P08621719A0568|56 59|Grb2
P08336698T0000|56 59|TFE3
P08955071T0000|56 59|ORC1
P10444597A0586|56 59|salt
P01334428A1102|56 58|Tyr
P09446600A0260|56 58|Ahr
P09426143A1358|56 58|CRP
P09049306A0830|56 58|arm
P01648142A1170|56 58|arm
P06395804A0382|56 58|min
P10447593A0144|56 58|SP6
P07791783A0000|56 58|HMG
P08304301A0331|56 58|HCC
P10756225A1464|56 58|CRS
P07079595A0848|56 58|spg
P11150315A0844|56 58|EGF
P11815644A0081|56 58|bat
P02928376A0312|56 57|H2
P09536901A0362|56 57|T2
P10196248A0482|56 57|nt
P01771959A0442|56 56|p
P09572428A0526|56 56|P
P02376023A0307|56 56|P
P01723962A0165|56 56|h
P02474356A0559|56 56|T
P10934640A1114|56 56|p
P08163498A0789|56 56|S
P11259503A0212|56 56|h
P02107548A0727|56 56|A
P11303638A0559|56 56|p
P09844106A0835|57 67|fibronectin
P06869986A0000|57 64|collagen
P09234703A0192|57 61|Cdc42
P07652575A0435|57 61|Cdc42
P08643382A0752|57 60|poly
P09067577A0721|57 60|CRKL
P07579695A0336|57 60|MIF2
P09230945A0089|57 60|slip
P08892755A0186|57 60|JAK1
P09321930A0567|57 59|MCC
P09202147A0866|57 59|UBC
P06895663A0810|57 59|RLF
P10824485A0393|57 59|CD4
P10541432A0185|57 59|EGF
P11376279A0000|57 58|MR
P10824958A1109|57 58|CO
P07528531A0904|57 58|rs
P09789795A0607|57 58|NA
P08923258A0353|57 57|d
P11125872A0133|58 74|phosphodiesterase
P09353304A0732|58 62|Tiam1
P08264591A1190|58 62|TFIIB
P02555519A0798|58 61|CDR3
P10805737T0000|58 61|eIF5
P11564893A1068|58 61|MGMT
P02603923A0220|58 61|pigs
P01506746A0476|58 61|pigs
P09303635A0000|58 61|lack
P10525413A1408|58 61|LIM2
P10891441A0871|58 61|Grb2
P09545638A0330a|58 61|HMT1
P06685004A0000|58 61|SHBG
P09545638A0330b|58 61|HMT1
P03340774A0328|58 60|rad
P08872162A0884|58 60|CD4
P08848052A0733|58 60|Rev
P10704975A0479|58 60|min
P10205933A0699|58 60|ear
P10049357A0608|58 60|Ski
P03743683A0000|58 59|PP
P11528127A1402|58 59|H1
P00512215A0000|58 58|L
P00985279A0493|58 58|h
P01372456A0426|58 58|h
P03143048A1091|58 58|P
P08445729A0657|59 65|stretch
P08990168A0688|59 63|STAT1
P10679922A1110|59 62|ING1
P11094066A1194|59 62|KIP1
P10913304A0894|59 62|Elk1
P07724452A0344|59 61|pen
P03659805A0404|59 61|uni
P10490604A0601|59 61|Lck
P10777586A1022|59 61|Sp1
P11463834A0606|59 61|CBP
P09642238A1285|59 61|Sp1
P04082267A0720|59 60|Ae
P10196248A0482|59 60|nt
P11024182A0781|59 60|AR
P01970984A0668|59 59|T
P03181276A0422|59 59|h
P11067928A0532|59 59|D
P07765118A0967|59 59|h
P11478627A0573|59 59|D
P07995173A0585|59 59|P
P05689427T0052|59 59|b
P08639561T0000|59 59|S
P08862743A0603|59 59|p
P09192786T0000|59 59|b
P02735364A1330|59 59|p
P08226780A0160|60 66|ankyrin
P08088777A0754|60 65|D2Mit1
P08385581A0126|60 65|REC114
P09535835A0279|60 64|Cdc42
P11535832A0586|60 64|HDAC9
P10395283A0960|60 64|Smad4
P01314953A1266|60 63|HAP2
P03417588T0000|60 63|corn
P09255349A0836|60 63|IRA2
P09010223A0667|60 63|ETS2
P07616569A0168|60 63|cox1
P08106398A1003|60 63|step
P09446616A0780|60 63|Jak1
P02308496A0000|60 62|STH
P10809233A0606|60 62|H12
P09000049A1341|60 62|Myc
P11023934A0855|60 62|chi
P09209312A0968|60 61|nt
P02462523A0394|60 61|su
P10364523T0000|60 61|Mb
P03732252A0556|60 60|r
P07704040A0000|60 60|P
P02291144A0493|60 60|H
P09226345A0436|60 60|p
P07079595A0848|60 60|r
P09331864A0848|60 60|d
P09243840A0663|61 68|HLA-DQA1
P09580563A0331|61 66|dynein
P09321930A0567|61 65|BRCA1
P02831556A0173|61 64|pain
P08620003T0000|61 64|step
P10556751A0758|61 64|lack
P01551568A1476|61 64|rpoB
P11113201A1114|61 64|step
P07525596A0584|61 64|Fpr3
P11258906A0743|61 64|Rec2
P08798635A0870|61 64|ARF1
P07542616A0313|61 64|GCN4
P08430095A0161|61 64|SMD1
P11340080A0096|61 64|Rad9
P10660069A0819|61 64|PBS2
P07782302A0479|61 63|Ran
P11886473A0796|61 63|nod
P09425036A0649|61 63|Lck
P07528746A1049|61 63|Ser
P01703335T0000|61 62|FK
P03335444A0000|61 62|Pu
P10499357A0439|61 62|FR
P02237431A0000|61 61|T
P08832146A0959|61 61|r
P09236656A0124|61 61|L
P02307613A0783|61 61|P
P08413205A0733|61 61|b
P09895323T0000|62 66|Hoxa3
P10572087A0326|62 66|FANCC
P08552096A0151|62 65|UBS1
P11139469A0402|62 65|Ang1
P11006283A1180|62 65|poly
P10890911A0470|62 65|LEF1
P08454077A0956|62 64|min
P09733794A1323|62 64|Bax
P02784507A0000|62 64|CD4
P08278929A0866|62 64|CRS
P09358069T0000|62 64|EPO
P10938102A1359|62 64|NS1
P09443978A0262|62 64|Sp1
P08849778A0598|62 64|tap
P02892762A0296|62 63|nt
P09735366A1180|62 63|Pc
P04086403A1016|62 62|P
P07607197A1048|62 62|P
P08643382A0752|62 62|A
P02562825A0413|62 62|p
P07449253A0411|62 62|h
P09543227A0815|62 62|B
P07704040A0000|62 62|H
P07499401A0444|62 62|H
P11533238A1137|63 67|HDAC1
P08645219A1377|63 67|MRP14
P08657183A0145|63 66|DHFR
P10938113A0388|63 66|Vav3
P09601516A0695|63 66|PEP1
P09819440A0783|63 66|RPB5
P10891441A0871|63 66|Sos1
P08077236A0243|63 66|COS1
P08601616A0726|63 66|step
P01426635A0496|63 65|DDC
P09150334A0559|63 65|min
P10920906A0759|63 65|STS
P10648619A0000|63 65|TBP
P08756712A0227|63 65|RPA
P09474648A0298|63 65|Paf
P09798100A0705|63 64|IM
P10488875A0000|63 64|CP
P01499616A0136|63 63|g
P10624787A0432|63 63|P
P08441411A1260|63 63|h
P07184375T0001|63 63|P
P09242499A0505|63 63|d
P10417331A1008|63 63|s
P07840643A1006|64 83|glycosylasparaginase
P11095248A0423|64 75|glycoprotein
P08226616A0000|64 72|reductase
P08621730T0000|64 71|collagen
P11007949A1607|64 67|PTEN
P11471077A0382|64 67|TRA1
P02757033A0905|64 66|arm
P09990315A0205|64 66|TPO
P07490766T0000|64 66|Max
P08647434A1124|64 66|TBP
P06698047A0445|64 66|TRH
P02807780A0143|64 66|min
P09448268A0186|64 66|nmo
P08127950A0000|64 66|HPT
P11313398A0687|64 65|PI
P09508511A0588|64 65|os
P09352127A0953|64 65|rs
P09903722T0000|64 65|H2
P11150439A0701|64 65|CO
P02712450A0989|64 64|p
P10328351A0443|64 64|d
P11416132A1351|64 64|d
P08413260A1437|64 64|s
P11538437A0568|64 64|A
P11108616A0000|64 64|g
P09694514A0000|65 73|G-protein
P11350175A0173|65 73|isomerase
P01516829A0460|65 68|SNF2
P09436989A1011|65 68|MOB1
P09838122A0489|65 68|MPP3
P02167784A0109|65 67|min
P09065463A1012|65 67|RPA
P10777217A0536|65 67|p53
P08284227A0336|65 67|Id1
P01295373A0651|65 66|SE
P09420269A0000|65 66|nt
P07947930A0499|65 66|Cm
P11863811A0259|65 66|Pr
P08958720A1204|65 66|HR
P03597269A0409|65 65|b
P01725547A0354|65 65|p
P07528531A0904|65 65|P
P06794480A0785|65 65|p
P09767504A1371|65 65|h
P07528746A1049|65 65|P
P09376626A0737|65 65|h
P06321770A1353|65 65|h
P02829183A0117|66 76|translocase
P09467900A0701|66 72|stretch
P10660304A0522|66 70|STAT3
P01452037A0000|66 70|GAPDH
P01314953A1266|66 69|HAP3
P02386895A0496|66 69|pain
P11323411A0505|66 69|Gab1
P09353343A0919|66 69|poly
P10748113A0187|66 69|RIM1
P09060622A1679|66 69|poly
P08798635A0870|66 69|ARF3
P03340548A1018|66 68|Cd2
P09712898T0000|66 68|Jun
P10407269A0000a|66 68|arm
P10407269A0000b|66 68|arm
P08001966A0563|66 68|CNC
P11271297T0000|66 67|FK
P01909960A0134|66 67|NA
P10369775A0178|66 67|ER
P04079738A0677|66 66|P
P01333317A1008|66 66|s
P10453006A0478|67 72|PSMB11
P07528325A0165|67 71|Stat1
P09336455A0000|67 71|GAL10
P03434347A0358|67 70|side
P07852400A0519|67 70|Rac1
P01373374A0735|67 70|GBF1
P08401614A0187|67 70|PAL2
P08756712A0227|67 69|RPA
P09047252A0209|67 69|HCC
P10087993A1352|67 69|BP2
P09067577A0307|67 69|CRK
P06830033A0661|67 69|min
P09621372A0369|67 69|CRP
P11007954A0170|67 69|Sos
P10329736A1106|67 69|Shc
P11504709A0981|67 69|TPO
P08063108A0109|67 68|aa
P10852485A0477|67 68|CS
P09821978A1255|67 68|SE
P09599102A1191|67 68|Cu
P11523446A0523|67 68|MS
P00564943A0444|67 67|T
P09549179A0774|67 67|p
P09192998A0356|67 67|T
P07079595A0848|67 67|P
P11334124A0903|67 67|h
P10939030A0986|67 67|p
P11006283A1180|67 67|A
P10677214A2842|67 67|H
P09861099A1011|67 67|r
P08432696A1117|68 75|protease
P07926748A0383|68 71|NOT3
P02543679A1291|68 71|DnaJ
P08264631A0746|68 71|ADR1
P00493818A0422|68 70|fit
P09822602A1172|68 70|CBP
P09572491A1044|68 70|p53
P07733075A1200|68 70|CBS
P08240170A0000|68 70|sea
P08088777A0754|68 70|Dbh
P07221179A0156|68 70|min
P10729220A1569|68 70|H19
P03335651A0000|68 69|MR
P07461848A0230|68 69|CO
P03732252A0556|68 68|P
P08129955A0572|68 68|h
P00602622A0362|68 68|p
P10556145A1034|68 68|p
P11241215A0566|69 79|thioredoxin
P01711048T0000|69 74|COL1A2
P08647086T0000|69 72|Cdk2
P09326317A0372|69 72|EXT1
P01907941A0275|69 71|Rel
P10529354A0375|69 71|20S
P09480843A0848|69 71|GCT
P03568311A0273|69 71|RAP
P11069756A2618|69 71|CSK
P02764797A0182|69 70|rf
P09514156A1147|69 70|GC
P08413205A0733|69 69|c
P09549179A0774|69 69|p
P11881923A1256|69 69|P
P09024039A0247|69 69|h
P10983857A0923|69 69|H
P10457075A1198|69 69|P
P08832146A0959|69 69|p
P09090054A0186|70 77|permease
P08937989A1365|70 74|actin
P09346935A0459|70 74|ZNF74
P01516829A0460|70 73|SNF5
P06714298X0000|70 73|pigs
P10751398A1135|70 73|CD40
P10557072A0127|70 73|ULK1
P10903837A1208|70 73|VSX1
P10603349A1667|70 73|Myf5
P08955402A0288|70 73|HOL1
P10544037A0617|70 73|FZD4
P07557446T0000|70 73|poly
P02744123A0237|70 72|man
P10965135A0735|70 72|ras
P08798643T0000|70 72|Cbl
P10675331A0600|70 72|Shc
P07934666A0158|70 71|T2
P11480490A0443|70 71|Kr
P02162103A0000|70 70|P
P09276882A0479|70 70|P
P02120707A0594|70 70|W
P02632904A0619|70 70|r
P11360190A0178|70 70|S
P08051102A0532|70 70|B
P11538437A0568|70 70|A
P08552670A0665|70 70|d
P09846033A0488|70 70|p
P11737900A0700|70 70|P
P01901859A0000|71 89|glycosyltransferase
P11589568A0744|71 74|Bub1
P08798635A0870|71 74|ARF5
P01326329A0703|71 74|lack
P08139562A0404|71 74|GCN4
P08618433A0000|71 74|FLT3
P08621384A0935|71 74|EGFR
P03791645A1124|71 73|MAL
P08751635A0135|71 73|CA3
P10413676A1193|71 73|Ser
P09305755A0540|71 73|Sp1
P11573891A0525|71 73|TST
P10024882A0541|71 73|CTD
P02692881A0354|71 73|PIH
P11007954A0170|71 73|Son
P03340774A0328|71 72|Gy
P11028131A1374|71 72|MS
P11677363A0775|71 72|PP
P09990507A0000|71 72|E3
P09060622A1679|71 71|A
P11432112A0000|71 71|h
P09353343A0919|71 71|U
P03048024A0418|71 71|p
P06694380A1483|71 71|P
P11023934A0855|71 71|P
P08088777A0754|72 77|Notch1
P11207282A0729|72 77|Notch2
P09735366A1180|72 75|Epc1
P03692331A0000|72 75|term
P10364523T0000|72 75|SOX9
P02936284A0357|72 74|man
P10369926A0251|72 74|IL8
P04101003T0001|72 74|man
P10828022A0877|72 74|Shb
P10074921A1169|72 74|p53
P10679065A1217|72 74|CAT
P09822652A1118|72 74|Sp1
P10521450A0437|72 74|Lyn
P03684378A0653|72 72|r
P11840365A0949|72 72|P
P11886473A0796|72 72|p
P02354381A0207|72 72|S
P07247059A0775|72 72|s
P06662623A0124|72 72|h
P01372456A0426|72 72|h
P08435755A0938|72 72|h
P01761736A0158|72 72|P
P09712919A0307|72 72|s
P11259503A0212|73 82|luciferase
P08621730T0000|73 78|COL1A2
P09826434T0000|73 77|PDE3A
P02595451A1136|73 76|TCL2
P09655916A0415|73 76|side
P08918934A0424|73 76|NTF2
P10611320A0816|73 76|CAK1
P06897114A0240|73 75|CAP
P08970984A0765|73 75|SRF
P09844106A0835|73 75|ST2
P11554727A0890|73 75|PTH
P03355122A0238|73 75|min
P03443566A0675|73 74|CR
P11145813A0668|73 74|C6
P09528768A0000|73 74|ER
P07890485A0827|73 74|ml
P08569443A0123|73 74|T2
P08317094A0778|73 74|nt
P07945134A0079|73 74|ft
P03818866A0116|73 73|r
P10216052A1682|73 73|r
P11677839A0876|73 73|p
P07865787A1086|73 73|s
P09352127A0953|73 73|P
P09861099A1011|73 73|P
P09465035A1032|73 73|L
P08386637A1220|73 73|h
P08413205A0733|73 73|d
P10623758A0947|74 91|beta-galactosidase
P11376946A0000|74 84|phosphatase
P02733690T0000|74 82|reductase
P03065621T0000|74 78|MRP13
P11486032A1261|74 78|RUNX1
P11027280A0536|74 78|Smad3
P07498791A0680|74 77|PBS2
P08401614A0187|74 77|PAL3
P08139543A1520|74 77|SLT2
P10647817T0000|74 77|PTA1
P07896088A0720|74 77|RAP1
P07564210A0557|74 77|pigs
P10872831A0000|74 77|EPOR
P09799237A0624|74 77|term
P02507523A0791|74 77|ORF1
P01851527T0000|74 76|APP
P09571563A0000|74 76|PRK
P09712898A0911|74 76|GCK
P08892755A0981|74 76|CAT
P09832436T0000|74 76|PRL
P09067577A0721|74 76|C3G
P03978045A0857|74 76|VWF
P09566876A0000|74 76|TBP
P09880512A1251|74 76|Sp1
P07786820A0284|74 75|ml
P11044105A0616|74 75|nt
P11069791A0226|74 75|mo
P10348859A0292|74 75|Hg
P09459241A0707|74 74|P
P03608916A0790|74 74|P
P10934640A1114|74 74|p
P10683989A0251|74 74|P
P02196565A0606|75 78|RAP1
P09575217A0971|75 78|Jak2
P07983715A0996|75 77|arm
P11532856A1175|75 77|HGF
P09925777A1195|75 77|Rev
P03712106A0000|75 77|SPI
P08566751A0788|75 77|lab
P03759731A0992|75 76|m2
P00188387A0975|75 76|FH
P04036838A0918|75 75|r
P06467797A0233|75 75|D
P08669676A1644|75 75|P
P03602261A0238|75 75|p
P11178696A0301|75 75|s
P08901635A0000|75 75|s
P07557446T0000|75 75|A
P09463380A1050|76 80|Smad1
P01627830A0000|76 79|CKI1
P09813093A0624|76 79|GIN4
P11560992A0000|76 79|MKK4
P10544037A0617|76 79|FZD9
P10691972T0000|76 79|MRP2
P06341139A0213|76 78|min
P03568311A0273|76 78|IPP
P09382886A1061|76 78|p53
P07640309A0000|76 78|HMG
P11327858A0087|76 78|p53
P08990397A1437|76 78|H13
P08561897A0604|76 78|Sp1
P11054970A0282|76 78|NF1
P11474642A1451|76 78|min
P08144852A0000|76 78|AVP
P06198532A0982|76 77|MS
P10958456A0529|76 77|Cp
P10662614A0972|76 77|CP
P04002667A0181|76 77|cm
P07034479A1050|76 76|p
P10328351A0443|76 76|d
P11787720A1313|76 76|P
P03517388A0763|76 76|p
P10490826T0000|76 76|t
P08389365A1344|76 76|d
P09170159A0348|77 86|tyrosinase
P10600171A1432|77 80|USF1
P08524229T0000|77 80|SRS4
P10327051A0688|77 80|ATF2
P08985115A1571|77 80|step
P09878542A1151|77 79|VDR
P10215811A0635|77 79|EVL
P06281759A1086|77 79|sib
P01657246A0325|77 79|Met
P08677443A0238|77 79|VIP
P11254504A0766|77 79|Sp1
P03088643A0000|77 78|CS
P11145590A0217|77 78|TG
P03104245A0402|77 77|p
P07676655A0214|77 77|D
P10770065A0264|77 77|R
P07981246A0112|77 77|s
P02253663A0687|77 77|h
P09011744A0790|78 83|Grin2a
P09584180A0701|78 82|Stat6
P08634697A1155|78 82|Brca1
P01516829A0460|78 81|SNF6
P07547500A0066|78 81|GAL4
P11589568A0744|78 81|Bub3
P08840501A0345|78 81|ACT4
P08389365A1344|78 81|GATC
P08702807A0964|78 81|MKK1
P03537721A0491|78 81|GAL4
P07061263A0293|78 80|min
P11472696A0387|78 80|ACS
P10446998A0955|78 80|SRF
P08647434A1124|78 80|TBP
P08918464A0225|78 80|STK
P03911052A0909|78 79|CP
P01637758A0532|78 79|cm
P11509266A0955|78 78|P
P07905413A0585|78 78|h
P07583562A1826|78 78|P
P02264601A0000|78 78|P
P08630542A1421|78 78|Q
P02632904A0619|78 78|p
P10601606A0152|78 78|h
P09084174A0667|79 91|dehydrogenase
P03652083A0720|79 86|collagen
P10228009A0600|79 83|TRAF6
P09162092A0675|79 82|MKK3
P09343398A1193|79 82|poly
P08798635A0870|79 82|ARF6
P07568118A1267|79 82|step
P08286035A0587|79 82|poly
P07596287A0183|79 82|ORF1
P09121430A0132|79 82|Grb2
P04101003T0001|79 81|dog
P11834476A1187|79 81|min
P07799948A0777|79 81|Src
P11076860A0872|79 81|Kua
P08604338A0885|79 81|SRF
P07860208A0000|79 81|TNF
P10384129A0000|79 81|CD4
P10770065A0264|79 79|b
P01470243A0871|79 79|p
P10872851A0714|79 79|P
P11427329A1077|79 79|r
P07297978A0570|79 79|A
P09312087A0000|80 90|phosphatase
P07981246A0112|80 88|G-protein
P01762917A0615|80 85|TFIIIA
P07535768A1076|80 83|PAC1
P10983979T0000|80 83|step
P08973917T0000|80 83|PWP2
P10721698A1195|80 83|CSTB
P11755894A0466|80 83|pain
P01320640A0336|80 82|VIP
P07563994A0488|80 82|min
P09857197A0289|80 82|NES
P10938109A1361|80 82|EGF
P09918715A1158|80 82|TBP
P11559821A1315|80 82|CBP
P11886473A0796|80 82|nod
P08132574A0831|80 82|RP1
P02617623A0740|80 80|m
P02376023A0307|80 80|P
P10673426A0168|80 80|T
P07857086A0949|80 80|D
P11359827T0000|80 80|J
P03818866A0116|80 80|p
P10489680A0927|80 80|P
P11538437A0568|80 80|B
P10940892A0573|81 87|D4Mit89
P08088777A0754|81 86|Col5a1
P09407026A0426|81 85|nuc-1
P07557717A0184|81 84|pain
P10805729A0987|81 84|DDP1
P08065365A0000|81 84|step
P08529098A0549|81 84|SMF1
P11560992A0651|81 84|MKK4
P01358758A0000|81 83|Far
P03023682A0271|81 83|CAT
P09331864A0848|81 83|MGA
P09058378A1134|81 83|p53
P10493876A0000|81 83|11S
P00454780A0340|81 82|Ta
P07084617A0204|81 82|wk
P11150439A0701|81 82|CO
P01892680A0907|81 81|p
P09819038A0448|81 81|h
P10703633A0747|81 81|p
P02044975A0380|81 81|h
P10216052A1682|81 81|p
P11278563A0917|82 90|tankyrase
P11350982A0560|82 85|GCN2
P07784078A1064|82 84|PML
P08812490A1509|82 84|MIP
P10228795A0842|82 84|EFS
P06634712A0557|82 84|PTH
P02474110A1039|82 84|ACE
P11012680A0676|82 84|Src
P08173532A0000|82 84|cue
P07907846A0623|82 84|min
P10504332A0701|82 84|RAP
P07061263A0293|82 83|Px
P10972980A0295|82 83|PI
P01526658A0454|82 82|T
P08396749A1112b|82 82|P
P08410097A0356|82 82|p
P08522530A1342|82 82|s
P00427715A0000|82 82|B
P06517816A0388|82 82|p
P02373810A1118|82 82|p
P01723962A0165|82 82|h
P08396749A1112a|82 82|P
P02339447A0162|82 82|A
P10543270A1054|82 82|p
P09236656A0124|82 82|L
P04036838A0918|82 82|p
P08565548A0196|83 90|collagen
P08662789A0673|83 88|RPS30A
P10322629A0198|83 87|Pax-2
P10861906A1479|83 87|KIN28
P07516466A1054|83 86|PP2A
P09010223A1850|83 86|FLI1
P07760841A0647|83 86|ADH2
P07862154A0340|83 86|RAF1
P02065022A0747|83 85|dbl
P08361755A0734|83 85|SRF
P11058119A0957|83 85|XPA
P08649405T0000|83 85|AP1
P09268578A0225|83 85|mud
P08020962A1226|83 85|Alu
P02196311A1034|83 85|RNL
P08958720A1204|83 84|CO
P03690262A0428|83 84|T2
P08045834A0783|83 83|P
P09502627A0705|83 83|p
P09610755A1731|83 83|p
P09061697A0629|83 83|h
P09268631A0316|84 88|Igf2r
P09317131A1332|84 88|STAT6
P07914507A1029|84 87|poly
P09315631A1064|84 87|POR1
P09727046A0784|84 87|TAL1
P09203586A1197|84 87|step
P00159600A0871|84 86|SHR
P08959778A0292|84 86|EGF
P07616569A0168|84 86|cob
P08453950A0498|84 86|min
P08343961A0000|84 86|bcd
P10809233A0606|84 85|H3
P00704675A0199|84 84|d
P11016724A0536|84 84|h
P10563605A0773|84 84|r
P08286035A0587|84 84|A
P03878585A0507|84 84|r
P11793614A0000|85 101|phosphodiesterase
P09335608T0000|85 90|myosin
P00935526A0000|85 88|lack
P10861906A0999|85 88|IME1
P08223613A0519|85 88|TSL1
P08016102A1238|85 88|AP-2
P10987301A0332|85 88|GPCR
P07949770T0000|85 88|pigs
P01824713A0964|85 88|lack
P07663160A0287|85 87|16S
P11375392T0000|85 87|Sp1
P02675492A0806|85 87|CRP
P10585440A0204|85 87|arm
P09236224A0939|85 87|NGF
P08832146A0959|85 87|PTH
P11113692A0169|85 87|PDR
P07934666A0158|85 86|T2
P08842143A0000|85 86|bv
P01592545A0726|85 85|p
P11435517A0396|85 85|P
P07559233A0534|85 85|P
P11443999A0573|85 85|P
P01646487A0874|85 85|T
P10482620A1009|86 91|Stat5a
P07791769A0826|86 90|TFIIB
P08497280A1397|86 89|SWI6
P10794405A0000|86 89|step
P09241232A1154|86 89|Ogg1
P01549123A0480|86 89|bZIP
P09343433A0360|86 89|ADE2
P10628971A1165|86 89|RIC1
P02167784A0109|86 88|min
P10529198A0068|86 88|Sos
P11368363A0129|86 88|MPO
P08131746A0140|86 88|mos
P08631958T0000|86 88|p53
P08187085A0086|86 88|ret
P09618481T0000|86 88|Sp1
P01446828A1088|86 88|Sp1
P04018444A0000|86 88|man
P08312243A0177|86 87|Cu
P11278286A1083|86 87|MR
P02702849A0418|86 86|g
P11427329A1077|86 86|N
P01285807A0365|86 86|P
P02113699A0372|86 86|N
P07564210A0557|86 86|h
P09837933T0000|87 99|monooxygenase
P09162092A0675|87 91|MEKK3
P07590264A0373|87 90|DHFR
P10544037A0617|87 90|FZD4
P09445488A1169|87 90|SUR1
P09341193A0362|87 90|TRE1
P09748286A0000|87 90|LIFR
P01321277A0664|87 89|ros
P02182240A0355|87 89|min
P09736715A0729|87 89|ILK
P06138313A0948|87 89|min
P08940134A0705|87 89|Cas
P09398267A0440|87 89|CEF
P01549465A0122|87 89|Ser
P09892662A0334|87 88|Gs
P02575959A0643|87 88|T2
P06370553A0444|87 88|wk
P07130335A1081|87 87|P
P09220177A0564|87 87|h
P10895851A0696|87 87|g
P11214354A1104|87 87|p
P09564917A0900|87 87|p
P11431472A0540|87 87|A
P08430095A0161|88 92|PRP38
P08088777A0754|88 91|Rxra
P10533066A1197|88 91|TSC2
P10477597A0126|88 91|GCKR
P08542027A1471|88 91|CD44
P11246887A0000|88 91|CETP
P06748227A0423|88 91|side
P08529098A0549|88 91|SMF2
P10825200T0000|88 91|Jak3
P08124956T0000|88 91|pigs
P09858714A1171|88 90|srd
P01386210A0293|88 90|man
P08400928A0318|88 90|arm
P10607899A0605|88 90|Sp1
P02182618A0168|88 90|CAT
P10505694A0739|88 90|min
P09881692A1109|88 89|b6
P08194549A0000|88 89|CP
P02113699A0372|88 89|IM
P09031639A0474|88 89|aa
P01756195A1117|88 88|p
P08706368A1024|88 88|p
P10760109A1050|88 88|P
P11730712A0416|88 88|P
P09312025T0000|88 88|t
P09660838A0920|89 92|HSF1
P09927449A0421|89 92|CLN1
P10556046A0328|89 92|side
P02123467A0811|89 91|Sp1
P02456827A0899|89 91|Ba2
P07236351A0812|89 91|CA4
P10790390X0000|89 91|mod
P09776293A0777|89 90|ml
P02468795A1086|89 89|r
P11522584A0882|89 89|P
P09226345A0436|89 89|p
P02800435A0000|89 89|T
P08832146A0959|89 89|r
P07440430A1074|89 89|b
P07914507A1029|89 89|A
P08816443A1674|89 89|N
P11408099A0518|89 89|r
P08684522A0415|90 97|collagen
P10799501A1391|90 94|Cdc42
P10037681A0494|90 93|PLD1
P07780738A0091|90 93|PCNA
P11560992A1184|90 93|MKK7
P06468632A0135|90 92|ear
P01446828A1088|90 92|AP2
P11410664A0963|90 92|MPG
P06252883A0100|90 92|PWD
P09305755A0540|90 92|NF1
P11278286A1083|90 91|GR
P10958456A0529|90 91|Cp
P07597030A0260|90 90|h
P02981840A0907|90 90|d
P07595857A0521|90 90|A
P11202434T0000|91 95|ACBP2
P02505087A1037|91 94|GCN4
P10861906A1479|91 94|CCL1
P10951848A0230|91 94|CD34
P10074135T0000|91 94|RNA1
P09525891T0000|91 94|CRS1
P03664038A0000|91 93|GSS
P10910908A0767|91 93|EPO
P11221845A1713|91 93|mlt
P10022875A1265|91 93|Pak
P07106534A0160|91 93|man
P09167421A0234|91 92|Gy
P01748292A0000|91 92|cv
P01295373A0651|91 91|B
P02630543A0210|91 91|T
P10563605A0773|91 91|p
P03436877A0950|91 91|c
P11886473A0796|91 91|p
P11677363A0775|91 91|P
P11574088A1687|91 91|P
P10228009A0600|92 96|TRAF2
P09159183A0119|92 95|bZIP
P10861906A0999|92 95|IME2
P05437405T0000|92 94|man
P08727992A0570|92 94|min
P02036066A0000|92 94|PHP
P07548425A0000|92 94|Sur
P07607669A1112|92 94|Sp1
P10428811A1067|92 94|Src
P11108720A0124|92 92|N
P08429020A0495|93 104|glycoprotein
P08617216A0584|93 102|luciferase
P08977235A0588|93 97|STAT1
P11012680A1020|93 97|FGFR1
P10544037A0617|93 97|FZD10
P08657183A0145|93 96|DHFR
P09843572A0944|93 96|Wee1
P03325081A0524|93 95|PBK
P09582331A0506|93 95|SP1
P11423991A1393|93 95|p53
P02511069A0532|93 95|RR2
P08524292A1022|93 95|AP1
P10958456A0529|93 95|F10
P10679065A1217|93 95|BCR
P07487908A0230|93 95|CAT
P07639106A0678|93 95|fit
P10869076A1384|93 95|Rho
P11063127A0000|93 94|PP
P01916405A0242|93 94|PC
P04024685A0650|93 93|p
P08955928A0390|93 93|h
P07565740T0000|94 104|transporter
P09694869A0932|94 98|Stat3
P10733591A0533|94 98|Cdc42
P09882451A0195|94 98|HEM15
P09545332A0137|94 97|IRS1
P08955306A0224|94 97|ORF1
P09618475A0747|94 97|Nrd1
P11522658A0870|94 97|Cdk2
P02834843A0000|94 96|RPE
P10362652A1456|94 96|EGF
P09453689A0000|94 96|BCR
P09753241A0524|94 96|MPO
P02997777A0609|94 95|ts
P07528531A0904|94 95|rs
P09218520A0075|94 95|cd
P02630543A0210|94 94|T
P09861099A1011|94 94|r
P01333317A1008|94 94|s
P08552387A0000|94 94|t
P08599946A0999|94 94|s
P08608126A0811|94 94|d
P10777499A0883|94 94|B
P08627649A0734|94 94|s
P09430461A0742|94 94|p
P00534613A0000|95 102|collagen
P09011744A0790|95 100|Grin2b
P09121433A0463|95 98|MEF2
P07687541A0992|95 97|Ran
P09837715A0581|95 97|CAT
P09724654A1120|95 97|RPA
P11314030A1264|95 97|Abl
P11084334A0590|95 97|TPR
P07799948A0777|95 97|Src
P10334888A0960|95 97|min
P06230499A0128|95 96|Gy
P09617765A0174|95 96|nt
P08611280A0820|95 95|p
P07806651A0097|95 95|L
P07905413A0585|95 95|h
P01312005A0600|95 95|H
P00136175A1137|95 95|h
P11027289A0321|95 95|S
P02253663A0687|95 95|h
P11538437A0568|95 95|A
P09735371A0227|96 100|mec-3
P08871635A0000|96 99|CD40
P02158927A0000|96 99|CYC1
P09495283A0000|96 99|HSF1
P10471696A0734|96 98|ACS
P09799793T0000|96 98|EPO
P01321277A0342|96 98|CEF
P01082833A0000|96 97|IM
P08238626A0248|96 97|ml
P11266184A0000|96 97|MR
P11042703A0875|96 97|mo
P02603923A0220|96 97|ml
P02735364A1330|96 96|p
P07945134A0079|96 96|m
P11509266A0955|96 96|P
P01535242A0557|96 96|h
P02113699A0372|96 96|N
P07113897A0285|96 96|p
P08188978A0822|96 96|s
P07910946A0323|97 106|luciferase
P01903841A0125|97 102|eIF-5A
P09802206A1058|97 100|RPS7
P01970801A0925|97 99|arm
P10198056A0000|97 99|GPI
P07958865A1152|97 99|Tek
P08022212A0071|97 99|ALP
P07274428A0000|97 99|RCA
P04999086T0001|97 99|man
P07065206A0398|97 99|min
P11313961A1323|97 99|p53
P08997532A0116|97 99|TES
P01302765A0999|97 98|ad
P10643313A0345|97 98|ml
P02393895A0918|97 97|r
P11408099A0518|97 97|P
P11810685A0147|97 97|r
P07068887A0000|97 97|N
P02630543A0210|97 97|T
P06503329A0588|97 97|g
P08126096A1071|97 97|A
P07508250A0537|97 97|r
P08893779A0229|97 97|p
P08832146A0959|97 97|p
P06895663A0810|97 97|P
P06916588A0304|97 97|p
P08896402A0587|98 109|glycoprotein
P08608222T0000|98 102|STAT3
P09886843A0339|98 101|NRGN
P10611242A0541|98 101|Spt3
P02208762A0228|98 100|ear
P10861086A0259|98 100|Csk
P09609342A0000|98 100|AFP
P09780228A0613|98 100|FAS
P08065331A0279|98 100|HLF
P11463834A0606|98 100|CR2
P11697760A0000|98 100|PTH
P01452037A0000|98 100|PGK
P07864652A0753|98 99|H1
P02882893A0301|98 99|sp
P01427457A0000|98 98|h
P08749394A0874|98 98|H
P10544089A1208|98 98|H
P07191804A0000|98 98|h
P01878755A0496|98 98|P
P02289639A0989|98 98|p
P01694014A0716|98 98|h
P03863561A0405|98 98|p
P07616802A0315|98 98|p
P01898164A0839|99 102|arch
P11306511A1476|99 102|lack
P07655509T0000|99 101|pea
P09178752A0574|99 100|ER
P03297181A0127|99 100|SR
P03732252A0556|99 99|r
P06435565A0648|99 99|p
P08618433A0000|99 99|R
P07141130A0615|99 99|p
P06503329A0588|99 99|P
P04061342A0512|99 99|p
P02153683A1579|100 105|ATPase
P09735366A1180|100 103|EPL1
P11059786A0682|100 103|EGFR
P06198532A0982|100 102|RHD
P07814717A0669|100 102|Met
P09452421A1042|100 102|Tyr
P11310937A0548|100 102|CRP
P07729427A0942|100 102|TBP
P03382772A0319|100 102|man
P01350932A1123|100 102|Cys
P11257870A0000|100 101|TF
P09104816A0610|100 101|VV
P10353880A0257|100 100|P
P07327097A0647|100 100|p
P09861099A1011|100 100|P
P11069788A0531|101 105|decay
P08861955A0927|101 104|ARF1
P11113179A1020|101 104|SRC1
P10347197A0502|101 104|Grb2
P02158927A0000|101 104|UTR1
P10526670A0236|101 104|PIP2
P06089575A0464|101 103|min
P09254678A0106|101 103|MBP
P09506962A1000|101 103|YY1
P03198525A0164|101 103|MGA
P08647086A0720|101 103|p53
P06259220A0000|101 103|min
P10778757A0000|101 103|Mn1
P11886473A0796|101 103|nod
P10809233A0606|101 103|H11
P07494293A0585|101 103|Lck
P01620781A0611|101 102|A3
P10215485A0837|101 102|NA
P03340726A1103|101 102|Gy
P09710599A0310|101 101|h
P11427329A1077|101 101|r
P11844812A0915|101 101|P
P01464606A0344|102 112|fibronectin
P02026491A0399|102 105|pain
P08649389A0692|102 105|CTCF
P09512416A0460|102 105|GCR1
P02482293A1518|102 104|EGF
P07563994A0488|102 104|min
P09199932A1357|102 104|ATM
P07624581A0312|102 104|PRL
P09453537A0863|102 104|SP1
P07649098A0676|102 103|nt
P11543317A0203|102 103|Tb
P01756195A1117|102 102|r
P07706307A0914|102 102|B
P09396437A0878|102 102|P
P10505694A0739|102 102|r
P07704040A0000|102 102|P
P04002131A0506|102 102|P
P01585014A0000|102 102|h
P11027289A0000|102 102|S
P02883327A0413|102 102|L
P07528531A0904|102 102|P
P01886368A0000|103 106|pigs
P09495283A0000|103 106|HSF2
P08589735A0577|103 106|Adh1
P09617765A0174|103 106|poly
P10460171A0842|103 106|step
P11063127A0000|103 106|PP2A
P03360948A0477|103 105|CAP
P10711674A0000|103 105|MIM
P08939891A0285|103 105|Nrl
P10817754T0000|103 105|H19
P08702633A0164|103 105|Shc
P07929165T0000|103 104|A3
P08361755A0734|103 103|s
P10027498A0536|103 103|p
P09792630A1127|103 103|N
P10364425A0610|104 108|STAT3
P08642285A1548|104 108|STAT1
P00437749A0242|104 107|pain
P01531632A0000|104 107|SSB1
P09135149A0000|104 107|Wee1
P09488713A0886|104 107|SCAP
P03280946A0375|104 106|cni
P10878398A0542|104 106|Epo
P10198061A0339|104 106|Ran
P08086450A0467|104 105|GC
P02462523A0394|104 105|su
P01943184A1050|104 104|p
P11593394A0000|104 104|D
P02630543A0210|104 104|T
P02800417A0332|104 104|r
P07704040A0000|104 104|H
P10853850A1103|104 104|p
P07508250A0537|104 104|p
P11178696A0301|104 104|g
P11517399A0858|104 104|T
P01849509T0000|105 115|transposase
P02083199A1175|105 108|EGFR
P10544037A0617|105 108|FZD9
P07563090A0624|105 108|PPT2
P08226616A0000|105 108|step
P08088777A0754|105 107|Ak1
P10426450A1458|105 107|ILK
P10617126A1005|105 107|CA1
P07929431A0949|105 107|CAT
P09354644A0124|105 107|Gal
P10811908A0938|105 107|Ser
P02227438A0492|105 106|nt
P00313766A0666|105 105|p
P07592220A0846|105 105|P
P02393895A0918|105 105|p
P03355122A0238|105 105|h
P01477021A0394|105 105|P
P10770041A0731|105 105|p
P11157784A0141|106 111|DGCR6L
P07624119A0528|106 109|GAL4
P10469656T0000|106 109|MSK1
P07656588A0101|106 109|FUT1
P02158927A0000|106 109|UTR3
P10793143A1533|106 109|Cdc6
P08702845A0000|106 108|DAT
P09729481A1177|106 108|Sp1
P08995410A0000|106 108|Met
P00921911A0159|106 107|cm
P08015850A1076|106 107|Ga
P10197985A0145|106 107|ss
P01963419A0501|106 106|p
P09638650A0169|106 106|r
P01725547A0354|106 106|p
P07563994A0488|106 106|p
P08846775A0110|107 110|CLN1
P10556028A0292|107 110|Prep
P08395014A1364|107 110|PPZ1
P10090146T0000|107 110|AP-2
P10469174A0678|107 110|MBF1
P02179815A0582|107 109|CEF
P02196565A0606|107 109|TUF
P09058378A1134|107 109|p53
P07948129A0297|107 109|CAT
P09617807A0929|107 109|pea
P09195923A0125|107 109|TPR
P08915508A0000|107 109|Tat
P09773975A1873|107 109|min
P01372802A1481|107 108|C3
P09633630A0740|107 108|Ps
P10457075A1198|107 108|Rn
P11743360A2491|107 108|pg
P01620781A0611|107 108|B4
P02133731A1572|107 107|p
P02151229A0921|107 107|p
P09142146A0887|107 107|p
P06287212A1352|107 107|T
P07762504A0648|107 107|g
P09474001A0825|107 107|p
P10706736A1091|108 112|HLA-A
P06584416A0157|108 110|PGF
P10407184A0520|108 110|CAT
P10692374A1873|108 110|PAN
P09724654A0761|108 110|RPA
P02796988A0735|108 110|Sp1
P10825200T0000|108 110|Syk
P09427627A0930|108 110|S6k
P02033038A0309|108 109|E3
P11070007A0136|108 109|Cp
P10090943A1426|108 108|P
P07528746A1049|108 108|P
P01588270A1029|108 108|P
P01648142A1170|108 108|P
P09617765A0174|108 108|A
P11461595A0000|108 108|B
P11427329A1077|108 108|N
P11238447A0524|109 114|eIF-5A
P09819391A1123|109 113|ASAP1
P07844142A0640|109 113|SRP54
P07543684A1027|109 112|CFTR
P08848052A0733|109 112|Gle1
P08088777A0754|109 112|Fpgs
P10913276A0684|109 112|SOS1
P08647802A0000|109 112|Grb2
P08307338A0227|109 111|cob
P08530345A0880|109 111|DR1
P09736770A0351|109 111|Sp1
P06659982A0231|109 110|QS
P11125363A0525|109 110|gm
P09089653A1112|109 110|nt
P10319955A0941|109 109|P
P10505694A0739|109 109|P
P10694605A1327|109 109|P
P10872851A0714|109 109|P
P09132061A0828|110 119|peroxidase
P09372968A0532|110 115|dynein
P07748451A0343|110 113|poly
P10684941A0722|110 113|side
P03025862A0860|110 113|poly
P09418905A1396|110 112|EGF
P10065684A0916|110 112|mit
P09755199A0559|110 112|Scm
P10446912A0883|110 112|Sp1
P10681520A0525|110 112|Rho
P11692004A1200|110 112|NF1
P10602507A0652|110 112|p53
P10521796A0872|110 111|IM
P02774271A0000|110 111|Br
P08317094A0778|110 111|nt
P01372802A1481|110 110|D
P10972980A0295|110 110|B
P09673436A0898|110 110|P
P10544037A0617|111 115|FZD10
P02146266A0000|111 115|sod-1
P01531632A0000|111 114|NSR1
P10725382A0398|111 114|SOS2
P10036191A0000|111 114|TFE3
P09808366A0828|111 114|side
P02158927A0000|111 114|OSM1
P02107073A0584|111 114|STE4
P02780157A0576|111 114|lack
P10805737T0000|111 114|eIF5
P09712915A0672|111 113|Sp3
P11133986A0350|111 113|PIP
P07007591A0324|111 113|CPZ
P09331864A0848|111 113|MGA
P09010223A0667|111 113|SRF
P11743360A2491|111 112|ml
P10559324A0716|111 112|Ad
P07982995A0000|111 111|H
P07440430A1074|111 111|P
P08441411A1260|111 111|h
P08299896A0880|111 111|b
P07673154A0688|112 122|fibronectin
P09011744A0790|112 117|Grin2c
P09036529A0343|112 115|CAST
P03959045A0000|112 115|MCAT
P09123787A0486|112 115|side
P08269439X0000|112 115|pain
P10517672A1417|112 115|CTF1
P08955189A1198|112 114|Sp1
P07590283A0820|112 113|aa
P07583562A1826|112 113|TG
P02542612A0530|112 112|Z
P06468673A0358|112 112|P
P04011338A0620|112 112|r
P09160361A0858|112 112|p
P03568311A1361|112 112|r
P11886473A0796|112 112|p
P02800417A0332|112 112|p
P07687541A0992|113 116|CNR1
P08846775A0110|113 116|CLN2
P10194769A0146|113 116|PREB
P09574799A1072|113 116|lack
P09024805A0905b|113 115|AP1
P09311796A0218|113 115|TBP
P08824798A0761|113 115|CRP
P07221179A0156|113 115|min
P09799086A0725|113 114|Gs
P07959760A0763|113 114|Mb
P09914518A1217|113 114|ER
P10624787A0432|113 113|P
P08453950A0498|113 113|h
P11773168A0915|113 113|P
P09315678A0278|114 120|Nopp140
P07571766A0122|114 117|pain
P08395014A1364|114 117|PPZ2
P10836786A0516|114 117|MRP3
P10825200T0000|114 116|Lck
P09736770A0351|114 116|Sp3
P06468565A0000|114 116|tau
P10920906A0759|114 115|cm
P09382498A0618|114 115|cm
P11408099A0518|114 114|r
P08879237A0744|114 114|R
P10775038A0142|114 114|s
P07026328A0369|114 114|p
P08977235A0588|115 119|STAT3
P07489502A0000|115 118|poly
P10940562T0000|115 118|step
P09294471A1198|115 117|fit
P08621384A0935|115 117|min
P08808707A0631|115 117|Jun
P10722737A1726|115 117|Sp1
P11056007A0224|115 117|SET
P08041362T0000|115 117|Cys
P10824958A1109|115 116|wk
P01477021A0394|115 115|P
P03597218A0901|115 115|P
P03436877A0950|115 115|r
P03025862A0860|115 115|A
P08453950A0498|115 115|P
P07463294A1216|115 115|p
P10903733A0540|116 120|TRAF2
P10681520A0525|116 120|Cdc42
P08025074A0000|116 119|shot
P08497269A0999|116 119|GCN2
P10036191A0000|116 119|TFEB
P08345191A1140|116 119|MCL1
P06328504A0161|116 118|PGK
P11389085A1032|116 118|RET
P11094590A0617|116 118|VAP
P09488486A0906|116 118|Pol
P10446912A0883|116 118|Sp3
P09696819A0450|116 117|ER
P03736081A0465|116 116|p
P11263622A0683|116 116|r
P09882303T0000|117 121|TRADD
P08805338A1061|117 120|Ogg1
P06158844A0000|117 120|pain
P03110119A0267|117 119|tip
P04066194A0163|117 119|ear
P06345840A0348|117 119|TPR
P10319327A1237|117 119|SRF
P10544088A0308|117 119|Tat
P09478976A0718|117 119|OSM
P09777477A0000|117 119|air
P08710377A0577|117 119|Shc
P03340774A0328|117 119|rad
P02135536A0621|117 118|Hk
P07508250A0537|117 118|mo
P02637597A0362|117 118|C3
P11844812A0915|117 117|P
P11787720A1313|117 117|P
P06805504A0629|117 117|N
P01279374A0396|118 123|PET122
P09121433A0463|118 121|SMP1
P11730182A0984|118 121|Acer
P09099745A1446|118 121|Cdk2
P00753237A0000|118 120|fig
P10517672A1417|118 120|NF1
P10644357A0935|118 120|VP2
P10194769A0146|118 120|PRL
P02044975A0380|118 120|min
P01295373A0651|118 118|p
P02704579A1078|118 118|P
P03710973A0817|118 118|P
P00377466A0188|118 118|P
P07857344A0591|118 118|h
P07518460A0771|119 129|phosphatase
P10733569A0364|119 122|HSF2
P11274357A0724|119 122|Rac1
P08057421A1583|119 122|CBF1
P09488486A0000|119 121|Pol
P10642524A0156|119 121|TPR
P08390747A0586|119 121|syn
P10534048A0297|119 121|ACF
P09510582A0157|119 121|HBB
P08754777A1214|119 120|dn
P03709627A0247|119 119|h
P10645921A1320|119 119|P
P10543270A1054|119 119|p
P10683989A0251|119 119|P
P11538437A0568|119 119|B
P08299896A0880|119 119|P
P04011338A0620|119 119|p
P07687541A0992|120 123|CNR2
P10767251A1046|120 123|pigs
P09423310A0251|120 123|CD34
P10385915A1341|120 123|side
P10815410A0000|120 122|TNF
P03109147A0000|120 122|und
P08923469A1391|120 122|VDR
P07958898A1050|120 122|Sp1
P10627834A0178|120 122|Rex
P03102289A0786|120 121|cm
P01386897A0000|121 124|CLN1
P07565049A1032|121 124|term
P10036191A0000|121 124|TFEC
P07715922A0188|121 123|PRK
P11289149A0658|121 123|CBP
P01549129A0356|121 123|Src
P09371626A1345|121 123|VP2
P09536028A0945|121 122|TF
P03944212A0166|121 121|h
P08668190A1364|121 121|H
P10624787A0432|121 121|P
P09790986A0689|122 127|NRAMP2
P08088777A0754|122 125|Pbx3
P09852005A1287|122 125|SAP1
P09339900A0939|122 124|AP2
P09488441A0615|122 124|Sp1
P08798443A0660|122 124|Myb
P09382886A1061|122 124|p53
P09777477A0000|122 124|air
P08070004A0782|122 124|min
P09714835A0345|122 124|CPE
P06467797A0233|122 123|rs
P08057762A0878|122 123|T2
P07528531A0904|122 123|rs
P07649098A0676|122 123|nt
P06479976A0386|122 122|P
P11408099A0518|122 122|P
P01869968A0673|122 122|p
P03443573A0329|122 122|g
P03436877A0950|122 122|P
P06735247A0803|122 122|r
P11773168A0915|122 122|P
P10781552A0000|122 122|H
P07704040A0000|123 136|oxidoreductase
P08662193A0404|123 126|NIT4
P08818718A1229|123 126|MDR1
P08524292A1022|123 125|YY1
P08631685A0000|123 125|min
P09763470A1756|123 125|AP2
P03663789A0568|123 125|HAL
P11371417A0744|123 125|TNF
P10655164A0546|123 124|Li
P11730182A0984|123 123|r
P11274357A0724|124 128|Cdc42
P06744024A0000|124 127|pain
P09860979A0521|124 126|Crk
P01588270A1029|124 126|DBP
P07426745A0177|124 125|Gy
P03282813A0794|124 124|r
P10442493A0815|124 124|r
P08922390A0793|125 131|stretch
P07172690A0547|125 130|ATPase
P09882303T0000|125 129|TRAF2
P11223257A0404|125 128|PP2A
P08552042A1497|125 128|poly
P01348590A0000|125 127|CD4
P10493575T0000|125 127|p53
P07988730A0220|125 127|CAT
P11221845A1713|125 127|mlt
P03340774A0328|125 126|Gy
P08669676A1644|125 125|P
P11263622A0683|125 125|r
P02354381A0207|125 125|H
P11730182A0984|125 125|p
P01783088A1136|126 136|fibronectin
P09382924A0131|126 131|PSMB10
P09346925A0660|126 129|Grb2
P09536028A0945|126 128|EGF
P10544089A1208|126 127|MP
P01589576A0170|126 127|ps
P07959015A0478|126 127|aa
P02312470A0774|126 126|s
P04061342A0512|126 126|p
P10975465A0134|126 126|D
P03635597A0377|126 126|P
P08385337A0282|127 131|bZIP1
P09882499A0231|127 130|Pax6
P09843572A0944|127 130|Wee1
P08394019A0695|127 129|Fyn
P07629196A0274|127 129|Jun
P08918464A0225|127 129|STK
P10747099A0507|127 129|Crk
P10794405A0000|127 128|H1
P08406419A0155|127 128|MA
P03568311A1361|127 127|r
P09334330A0252|128 132|daf-3
P01386897A0000|128 131|CLN2
P02158927A0000|128 131|RAD7
P10611320A0816|128 131|Cdk7
P08044802A0462|128 130|p53
P02775136A1151|128 130|AMS
P09564860A2315|128 130|GGH
P10492127A0914|128 130|min
P11564871A1184|128 130|TBP
P09366517A0835|128 130|WT1
P08853303A0431|128 130|min
P07899634A0000|128 129|mu
P06795654A0434|128 129|FR
P01395755A1023|128 128|p
P10750524A0724|128 128|p
P10457075A1198|128 128|P
P09011744A0790|129 134|Grin2d
P11207308A0999|129 133|STAT1
P10036191A0000|129 132|Mitf
P07963782A0000|129 132|pain
P07543868A0414|129 132|poly
P08455623A0630|129 132|GAR1
P11113179A0541|129 131|CBP
P11106428A0635|129 131|Ser
P06230499A0128|129 130|Gy
P11580757A0304|129 130|MR
P02926499A0340|129 130|Cb
P01589576A0170|129 130|T2
P02137704A0000|129 129|h
P08893779A0229|129 129|p
P08410097A0356|129 129|p
P11223186A1095|129 129|s
P01895370A0199|129 129|D
P02592640A0466|129 129|g
P06735247A0803|129 129|p
P10933728A1398|130 133|CBF2
P02052544A0641|130 133|DPB2
P07670943A0308|130 132|CAD
P03198525A0164|130 132|MGA
P09763470A1756|130 132|Sp1
P08585994A0567|130 132|arm
P09013499A0198|130 132|min
P00753237A0000|130 130|B
P07528531A0904|130 130|P
P11509266A0955|130 130|P
P08396749A1112b|130 130|P
P03149774A0173|130 130|h
P08396749A1112a|130 130|P
P11369700A0074|130 130|H
P00474064A0205|130 130|R
P08552042A1497|130 130|A
P03076124A0496|131 139|reductase
P10196248A0482|131 137|stretch
P11000250A0200|131 134|CD40
P10221820A0902|131 133|AMT
P09271394A0558|131 133|TIR
P03398823A0459|131 133|min
P04024685A0650|131 132|cm
P09858581A0183|131 132|Ts
P02386485A0554|131 131|A
P11849417A0900|131 131|P
P10567430A0785|131 131|s
P06467797A0233|131 131|P
P07830112A0532|131 131|p
P07872788A1717|132 148|carboxylesterases
P10395908A0236|132 140|G-protein
P10721704X0000|132 137|Elavl1
P07791768A0930|132 135|SIR1
P07616569A0168|132 135|nad1
P08995410A1109|132 134|p47
P09046090T0000|132 134|arm
P09663062A0175|132 133|MP
P11069791A0226|132 133|mo
P09733794A1323|132 133|Tg
P10826946A1198|132 132|H
P10442493A0815|132 132|p
P02361812A1110|132 132|D
P01548891A0635|132 132|P
P07214665A0000|132 132|P
P11246887A0000|133 136|PLTP
P09649438A0182|133 135|Tat
P10358138A0672|133 135|SAP
P01546522A0000|133 135|man
P08454077A0956|133 134|PI
P02735364A1330|133 133|p
P09017443A0734|133 133|p
P10360454A0916|133 133|p
P08552095A0758|134 137|PAF1
P09519757A0482|134 137|SUR1
P06089575A0464|134 136|min
P08542026A0792|134 136|RCA
P08532536A0925|134 136|EGF
P07927838A0000|134 136|VWF
P02971710A0734|134 135|CO
P02603923A0220|134 135|ml
P11345445A0533|134 135|Cu
P02024791A0582|134 134|P
P07543868A0414|134 134|A
P04024685A0650|134 134|p
P09380504A1255|134 134|h
P08385337A0282|135 139|bZIP2
P10501965A0879|135 139|Gpr31
P00866577A0579|135 138|term
P02936284A0357|135 137|min
P07534297A0141|135 137|CAT
P08816507A1125|135 137|YY1
P07890485A0827|135 136|ml
P10502402A0129|135 135|T
P03602261A0238|135 135|r
P03061301A1409|135 135|p
P10998679A0500|136 139|pain
P10861906A0999|136 139|IME1
P10704196A1051|136 139|side
P02740627A0137|136 139|PAO2
P00722298A0619|136 138|rho
P08872671A0573|136 138|air
P08794339A1162|136 138|CBP
P07826625X0000|136 138|CTD
P02427797A0199|136 138|min
P09786926A0095|136 138|FAS
P08088777A0754|136 137|Hc
P02752651A0480|136 137|Th
P10333481A1102|136 137|nt
P09209312A0968|136 137|nt
P07683375A0000|136 137|ER
P02485188A0415|136 136|p
P00377466A0188|136 136|T
P03034956A0666|136 136|P
P10655164A0546|136 136|H
P10446149A0809|137 140|Rin1
P08454077A0956|137 139|min
P11323411A0505|137 139|Tyr
P10860846A0480|137 139|AP2
P02529378A0536|137 139|SP1
P00139827A0000|137 138|ml
P08742135A0000|137 138|CS
P10521796A0872|137 138|IM
P01636714A0845|137 137|h
P06341139A0213|137 137|g
P10471721A0141|137 137|s
P07408970A0706|137 137|p
P10320177A0487|138 140|min
P07580330A0331|138 140|DDT
P00947327A0000|138 140|SMZ
P08688556A0242|138 140|Chc
P01612085A0624|138 138|P
P07640422A0649|138 138|p
P08739209A0700|138 138|h
P10688663A0207|139 144|TFIIIA
P09736697A1107|139 143|Stat3
P08049444A0351|139 143|SATB1
P08387662A0302|139 142|pain
P06167806A0000|139 141|dog
P08088777A0754|139 141|Gsn
P11024300A1579|139 141|ARC
P10544089A1208|139 140|MP
P01589576A0170|139 140|ps
P01452703A0782|139 140|ml
P10872851A0714|139 139|P
P02926499A0340|139 139|c
P08639310A0548|139 139|h
P01648142A1170|139 139|P
P08533757A0204|140 144|BRCA1
P07616569A0168|140 144|nad4L
P08589735A0577|140 143|Act1
P08030704A1503|140 143|term
P09755191A0553|140 143|CHC1
P11410664A0963|140 143|step
P09339900A0939|140 142|Sp1
P10403839A1459|140 142|Ahr
P11311687A0231|140 142|RLS
P07528531A0904|140 142|CRP
P01486836A0774|140 141|T2
P07745693A0914|140 140|s
P01748194A0767|140 140|N
P08995410A0000|140 140|S
P07007591A0324|140 140|t
P09736239A0436|140 140|p
P08515619A0184|141 144|COPD
P09638650A0169|141 144|ORF1
P09892736A0343|141 144|ORC1
P11564871A1184|141 144|Pols
P09374082A0504|141 143|PGD
P11059786A0682|141 142|PI
P06671047A1124|141 142|LD
P01708098A0922|141 142|GR
P11323411A0505|141 141|P
P08098914A0400|141 141|P
P11005831A0242|142 146|AREB3
P10675331A0600|142 146|Stat3
P09531549A0658|142 146|actin
P02758382A0478|142 145|SHBG
P09230129A0039|142 145|lack
P08878573A1370|142 144|ATO
P00420460A0291|142 142|r
P11730182A0984|142 142|r
P10863048A0000|142 142|s
P11102458A0000|142 142|d
P10513922A1237|142 142|p
P09649501A0358|143 147|HSBP1
P09130700A0676|143 146|TUB4
P02341669A0000|143 145|MLS
P09209312A0968|143 144|nt
P09420269A0000|143 144|nt
P01418834A0987|143 143|P
P11283168A0738|143 143|d
P09252406A0511|144 154|phosphatase
P07563090A0124|144 147|PPT1
P09423968A0039|144 147|pain
P09171969A1165|144 147|COPD
P01499616A0136|144 146|tip
P10506143A0610|144 146|EGF
P08731222A0000|144 145|Cu
P03114188A0907|144 145|Gy
P07528531A0904|144 145|rs
P07113897A0285|144 144|p
P11917061A0922|144 144|P
P09272138A1153|144 144|P
P07592072A0217|144 144|d
P11730182A0984|144 144|p
P11314428A0651|144 144|P
P07937656A0182|144 144|p
P01285807A0365|144 144|P
P02187091A0721|144 144|P
P08104189A1168|145 150|ATPase
P11029704A0378|145 148|ABI3
P07563994A0488|145 146|ml
P09111309A0674|145 146|ER
P08916960A1331|145 145|t
P09135928A0912|145 145|P
P02113699A0372|145 145|N
P00378735A0000|145 145|g
P01321337A0318|145 145|B
P07964624A0491|145 145|r
P03929486A0309|145 145|D
P09182990A0245|146 149|eRF1
P02926499A0340|146 148|tau
P04036838A0918|146 146|r
P08789441A0339|146 146|t
P01903404A0688|146 146|p
P03198525A0164|146 146|d
P08065331A0279|146 146|t
P02107073A0584|147 151|STE18
P08474439A0877|147 150|MEF1
P10715325A0834|147 150|EIN2
P10022032A0000|147 149|ATN
P01597170A0000|147 149|air
P11196199T0000|147 149|p53
P10454568A0815|147 149|EGF
P02975680A0000|147 149|GAD
P08643513A0361|147 148|nt
P03282813A0794|147 147|r
P10834781A0693|147 147|P
P07624615A0267|147 147|H
P01423738A0639|147 147|h
P01093845A0208|148 152|dream
P03911702A0530|148 151|pigs
P10691972T0000|148 151|MRP3
P07181985A0107|148 150|min
P09331864A0230|148 150|MGA
P07836364A0000|148 150|APC
P10544089A1208|148 149|CR
P10655164A0546|148 148|p
P09130700A0676|149 153|SPC98
P10778740A1493|149 152|HIS3
P03871298A0217|149 151|CAD
P08763207A0402|149 151|CPE
P01452037A0000|149 151|TIM
P09046013A0000|149 151|min
P07608968A0836|149 151|TBP
P10608053A0923|149 149|p
P09151152A0174|149 149|p
P09315632A1137|150 154|FGFR3
P07927838A0000|150 153|pain
P10835355A0225|150 153|SSA3
P08400928A0318|150 152|arm
P02466414A0000|150 151|ml
P00420460A0291|150 150|P
P09736239A0436|150 150|p
P09105042A1497|151 156|myosin
P10469174A0678|151 154|MBF1
P08075070A1632|151 153|HTH
P11037823A1134|151 153|CHL
P09716183A1036|151 153|TBP
P09618150A0127|151 151|h
P02149566A0478|151 151|P
P01774063A0161|152 155|Fshb
P08604338A0885|152 155|step
P11560992A0651|152 155|MKK4
P02727909A0383|152 154|HLP
P02248732A1113|152 153|NA
P01316680A0643|152 152|H
P06341139A0213|152 152|g
P07528531A0904|152 152|P
P01156631A0658|152 152|P
P01963419A0501|152 152|p
P08611280A0820|152 152|p
P01352113A0231|153 155|min
P11441952A0414|153 153|b
P07026328A0369|153 153|p
P01761736A0158|153 153|P
P11538437A0568|153 153|A
P07500386A0870|154 157|IRA1
P09533030T0000|154 157|SDHC
P08810278A0682|154 157|CRKL
P08733123A0000|154 156|arm
P08769566A0000|154 156|ZD1
P09583823A0238|154 155|Ho
P06702643A0000|154 155|SA
P04036838A0918|154 154|p
P07559233A0534|154 154|P
P09135928A0912|154 154|P
P08896402A0587|154 154|N
P08666404A0311|155 159|PPP5C
P08627719A0784|155 158|poly
P09287352A0930|155 157|Cys
P06467797A0233|155 156|rs
P08766049A0000|155 156|ml
P01168956A0552|155 155|h
P09565584A0770|155 155|H
P02113699A0372|155 155|N
P08267667A0748|155 155|d
P01722319A0849|155 155|N
P11160656A0000|156 159|lack
P09252406A0511|156 159|SHP2
P10721698A1195|156 159|CSTB
P10861906A0999|156 159|IME2
P07504171A0715|156 158|Src
P09442080A0856|156 158|GHR
P09227799A0254|156 158|SEA
P03023887A0470|156 157|Sa
P10196248A0482|156 157|nt
P00015731A0090|156 156|p
P09151152A0174|156 156|p
P10731411A0958|156 156|A
P08893779A0229|156 156|p
P09064659A1055|157 160|UPF1
P06594105A0560|157 159|dog
P03940426A0618|157 159|fir
P00096241A0087|157 157|P
P10065684A0916|157 157|p
P10029337A0406|157 157|U
P10407184A0520|157 157|h
P07172690A0547|158 160|SPR
P10703633A0747|158 160|min
P04066194A0163|158 160|ear
P02339447A0162|158 158|A
P03602261A0238|158 158|r
P01312005A0600|158 158|A
P01569344A0404|158 158|P
P06520418A0325|158 158|p
P10628750A0298|159 161|Rel
P02332018A0538|159 159|P
P11314428A0651|159 159|P
P10943891A1062|159 159|s
P07453919A0000|160 167|esterase
P01968224A0119|160 163|PCNA
P10601344A1653|160 163|Rac1
P07687541A0200|160 163|poly
P10887912A0740|160 163|side
P08454077A0956|160 162|min
P09111004A0732|160 162|L12
P03659994A0150|160 161|T2
P03878585A0507|160 160|r
P08950352A0525|160 160|p
P08627719A0784|160 160|A
P11730182A0984|160 160|r
P09165035A0842|160 160|D
P07704040A0000|161 169|reductase
P02926499A0340|161 165|decay
P07656588A0101|161 164|FUT1
P10592791A0370|161 164|lack
P02949170A0184|161 164|SHBG
P03001110A0546|161 163|mol
P11250942A0626|161 163|VDR
P11221845A1713|161 163|mlt
P09287352A0930|161 163|Ser
P03146017A0983|161 163|mol
P11292839A0531|161 163|TBP
P10521796A0872|161 162|IM
P10614857A0584|161 161|P
P09142146A0887|161 161|p
P10501965A0879|162 170|G-protein
P11069756A2618|162 165|GPCR
P09716179A0974|162 165|cdc2
P07863047A0229|162 164|ACE
P09727046A0000|162 164|Lam
P10617126A1005|162 164|CA1
P10063739A0601|162 164|EVL
P03090237A0202|162 164|key
P04024685A0650|162 163|ml
P11266184A0000|162 163|SE
P11730182A0984|162 162|p
P11844812A0915|162 162|P
P00474064A0205|162 162|R
P09060971A0982|162 162|p
P01774063A0161|163 165|Ltk
P08987225A0675|163 165|ACT
P09192998A0356|163 165|PTH
P01406656A1075|163 165|ras
P10523640A0367|164 168|Stat3
P11368363A0129|164 167|HBP1
P02763467A0903|164 167|spot
P09736715A0729|164 166|ILK
P03146784A0158|164 166|PSR
P09490676A0800|164 166|Myb
P07563994A0488|164 165|ml
P06467797A0233|164 164|P
P07440430A1074|164 164|P
P01901859A0000|165 167|man
P10216161A1530|165 166|bd
P03228785A1047|165 165|p
P07687541A0200|165 165|A
P10400757A1498|166 170|CXCR4
P07883167A0157|166 170|decay
P08264582A0750|166 169|LIFR
P00909114A0000|166 167|sc
P02875224A1059|166 166|p
P07192722A0682|166 166|p
P09863624A2301|167 169|min
P07563994A0488|167 167|p
P07830112A0532|167 167|p
P10645921A1320|167 167|P
P08663127A0697|167 167|N
P09694869A0932|168 172|Stat3
P02162103A0000|168 171|poly
P09533030T0000|168 171|SDHD
P10617126A1005|168 170|CA3
P08223613A0519|169 172|TPS3
P08901135A1132|169 172|NIT2
P06388818A0000|169 171|HDC
P02485188A0415|169 169|p
P03282813A0794|169 169|p
P09430461A0742|169 169|r
P11241166A0677|170 174|SOCS3
P11564871A1184|170 173|lack
P11114294A0075|170 173|CFTR
P07592946A0997|170 172|Sp1
P10544089A1208|170 171|MP
P07926775A0895|170 171|hh
P01141114A0188|170 170|H
P09440166A0857|171 174|poly
P00918965A0728|171 174|PAO2
P11391793A0856|171 173|PAC
P02137704A0000|171 171|h
P03436877A0950|171 171|r
P10918164A0878|171 171|P
P02748188A0091|171 171|t
P08838314A0129|172 177|AVPR1A
P09553686A0000|172 176|patch
P07914192A0844|172 175|HER2
P07616569A0168|172 175|atp9
P11323411A0505|172 174|Tyr
P08400928A0318|172 174|arm
P01923766A0485|172 173|nt
P08706368A1024|172 172|p
P10839470A1148|172 172|p
P02361812A1110|172 172|P
P10493876A0000|172 172|g
P10601344A1653|173 177|Cdc42
P02419327A0998|173 176|side
P10652362A0933|173 176|CFTR
P09372924A0758|173 175|XPC
P09294422A1376|173 175|POR
P02162103A0000|173 173|A
P02601707A0986|173 173|A
P02814820A0967|173 173|p
P07870305A1015|173 173|P
P11538437A0568|173 173|N
P10367646A0569|173 173|P
P09335619A0583|174 177|atp9
P08686381A0527|174 176|BCR
P10683244A0939|174 174|R
P07247059A0775|174 174|s
P08396713A0305|175 178|ARNT
P09914500A0000|175 177|TNF
P02926499A0340|175 177|rho
P02999267A0885|175 176|GS
P11450490A0565|175 175|P
P03929486A0309|175 175|P
P09834070A0793|176 179|CD19
P09736697A1107|176 179|Jak2
P11416012A2511|176 178|min
P06319040A1627|176 178|dog
P11333268A1521|176 178|Sos
P08986214A0000|176 178|HGF
P04024685A0650|176 177|ml
P08766049A0000|176 177|ml
P03110692A0156|176 176|P
P11323411A0505|176 176|P
P08167555A0972|176 176|p
P09440166A0857|176 176|A
P01637758A0532|176 176|P
P09430461A0742|176 176|p
P11376007A0584|177 180|PP2A
P08195216A1022|177 180|TRP3
P09647240A0000|177 179|p53
P09057648A0422|177 179|CAT
P11117263A0570|177 178|MA
P11049241A0659|177 177|p
P08278929A0866|177 177|P
P08639561T0000|177 177|R
P11730182A0984|177 177|r
P07823953A0777|178 181|mask
P02123467A0811|178 180|Sp1
P09334475A0327|178 180|min
P08086450A0467|178 180|Sp1
P08598449A0784|178 180|vav
P03001110A0546|178 180|mol
P08486276A0419|178 179|Cm
P02233715A0914|178 179|GR
P09750325A0000|178 179|H7
P03736081A0465|178 178|p
P10624787A0432|178 178|P
P03436877A0950|178 178|P
P04024685A0650|179 179|p
P02748188A0091|179 179|P
P09533109A0449|179 179|p
P11730182A0984|179 179|p
P08940132A1120|180 187|protease
P10521509A0000|180 183|RGS7
P11114294A0075|180 183|CFTR
P09414074A0827|180 182|SSP
P01779433A0694|180 182|Alu
P11059777A0813|180 180|L
P08639561T0000|180 180|S
P03602261A0238|180 180|r
P10648619A0000|181 184|lack
P10099247A1051|181 182|MB
P09863624A0629|182 185|CRF1
P08086450A0467|182 185|AP-2
P07588633A0362|182 184|Mos
P07644127A0000|182 183|SI
P02582918A0000|182 183|T2
P03259437A0140|182 182|p
P09618150A0127|182 182|h
P10614857A0584|182 182|P
P09804779A1163|183 188|Stat5a
P09211913A0000|183 188|CYP1A1
P10506143A0610|183 187|MEKK1
P10567430A0785|183 186|GRK5
P09211981A0526|183 186|cdc2
P08454077A0956|183 185|min
P08861955A0927|183 185|Ran
P01658375A0854|183 184|GC
P09880029A0703|183 184|C3
P11538437A0568|183 183|B
P08460918A0252|184 211|gamma-glutamyltranspeptidase
P10703633A0747|184 186|min
P11007954A0170|184 186|Sos
P10480937A0000|184 185|Li
P08639561T0000|184 184|R
P10521509A0000|185 188|RGS9
P11207308A0999|185 188|JAK1
P10559364A0846|185 187|SSB
P10542269A0000|185 187|APP
P01395755A1023|185 185|p
P10065684A0916|185 185|L
P09524222A0769|186 191|MARCKS
P11278583A0873|186 189|Grb2
P11278604A0300|186 188|Gal
P10913304A1180|186 188|ERF
P09613574A0905|186 188|min
P11139605A0811|186 188|Sp1
P09502627A0705|186 186|p
P10065684A0916|187 189|sar
P08894144A0330|187 188|sc
P11069791A0226|187 188|mo
P04056256A0416|187 187|p
P03335651A0000|188 189|T2
P06711642A0093|188 189|gm
P11517399A0858|188 188|T
P07937106A0100|188 188|B
P02370571A0663|188 188|s
P10567430A0785|189 192|GRK6
P10779313A1842|189 190|AR
P06479976A0386|189 189|P
P07937656A0182|189 189|p
P08267667A0748|189 189|p
P09736697A1107|190 194|Stat3
P11207308A0999|190 193|JAK2
P11292839A0531|190 192|TBP
P07510635A0479|190 192|Pol
P08992115A0199|190 192|air
P03929486A0309|190 191|SR
P10939785A0540|190 190|s
P08483479A1056|191 193|PTH
P07816619A0872|191 193|Dr1
P09305755A0540|191 193|AP1
P11409425A0000|191 193|Apo
P00015731A0090|191 191|p
P06435565A0648|191 191|p
P08627649A0734|192 194|Sp1
P11309389A0273|192 194|GHR
P10493876A0000|192 192|B
P10521509A0000|193 197|RGS11
P10548622A0906|193 196|pain
P07623844A0639|193 195|p53
P07528746A1049|193 195|Tyr
P09254678A0106|194 196|MBP
P10493876A0000|194 194|g
P02969316A0002|194 194|h
P11207308A0999|195 198|JAK3
P09305755A0540|195 197|AP2
P01674662A0000|195 197|ARC
P10407184A0520|195 197|URE
P11387950X0001|195 197|TNF
P02592640A0466|195 195|g
P08611280A0820|195 195|p
P02702849A0418|195 195|p
P09804836A0000|195 195|P
P06198532A0982|196 198|RHD
P07616569A0168|197 200|rrn5
P07510635A0479|197 199|Pol
P07528746A1049|197 197|P
P08627649A0734|198 200|Sp3
P06993660A0000|198 200|AHR
P09677410A1059|198 200|p53
P08512728A0991|198 198|p
P09949160A0600|199 201|Epo
P02183467A0668|199 199|W
P07007591A0324|199 199|t
P11194101A0532|199 199|P
P08891131A0000|200 203|pigs
P10797125A0000|200 202|min
P11887803A1455|200 200|p
P08986214A0000|201 203|AFP
P09778006A0718|201 202|cm
P09334475A0327|201 201|h
P11730182A0984|201 201|r
P02926499A0340|201 201|c
P09435056A0128|202 204|MBP
P07616569A0168|202 204|srn
P11867388A0502|202 202|P
P08680702A0548|202 202|p
P01452703A0782|203 204|ml
P08337841A0612|203 203|A
P10614857A0584|203 203|P
P08454077A0956|203 203|p
P11730182A0984|203 203|p
P11561626A0197|204 206|Cd2
P10727433A0560|204 206|ras
P09121998A0663|204 206|min
P10229084A0000|204 206|Fyn
P09778006A0718|204 204|s
P02113699A0372|204 204|N
P11118438A0411|205 208|Pin1
P07636648A1229|205 205|p
P10624787A0432|205 205|P
P10703633A0747|205 205|p
P07563090A0124|206 209|PPT2
P11238105A0959|206 209|CD86
P04024685A0650|206 207|ml
P07007591A0324|206 206|t
P02354381A0207|206 206|N
P02466414A0000|207 209|mol
P10549354A1782|207 209|APC
P01721884A0962|207 209|Pol
P08288633A0144|207 209|Bcr
P10367646A0569|207 207|P
P08006773A0836|207 207|p
P11226752A0750|208 213|Notch1
P07789971A0758|208 212|GSTT2
P08853303A0431|208 210|min
P09165035A0842|208 208|D
P09599897A0000|209 211|CRP
P09800187A0100|210 214|Trp53
P01380454A0451|210 212|Myb
P07905413A0585|211 211|P
P09331864A0230|212 214|MGA
P08893779A0229|212 212|p
P07007591A0324|212 212|t
P08719155A0105|213 216|TRAP
P11108720A0124|213 216|S6K2
P01287197A0761|213 214|po
P08952965A1182|214 217|CDR1
P10493876A0000|214 214|N
P07887226A0858|215 217|IDA
P07590264A0373|216 219|poly
P10692374A1873|216 218|PAN
P11538437A0568|216 216|B
P09872832A1262|216 216|p
P10430883A0000|217 219|Con
P08124785A0445|217 217|P
P09053494A0612|217 217|P
P08668158A0765|218 221|RPM1
P07528746A1049|218 221|RHL1
P11538437A0568|218 218|A
P04024685A0650|219 220|ml
P11410664A0963|220 223|MGMT
P07592946A0997|220 222|Myb
P09773975A1873|220 222|min
P02775136A1151|220 222|AMS
P00513284A0000|220 221|ml
P11730182A0984|220 220|r
P02166040A0385|221 238|phosphotransferase
P11226752A0750|221 224|DTX1
P08952965A1182|221 224|CDR2
P09822602A0237|221 223|CBP
P07590264A0373|221 221|A
P09060971A0982|221 221|p
P09382924A0131|222 226|PSMB6
P11861092A0730|222 224|HGS
P04024685A0650|222 222|p
P07007591A0324|222 222|t
P11730182A0984|222 222|p
P01721884A0962|222 222|P
P11486476A0147|223 225|ACS
P10416558A0000|223 223|N
P08853303A0431|225 227|min
P08418183A0000|226 226|H
P02975680A0000|227 229|GAD
P09382924A0131|228 232|PSMB5
P08894144A0330|228 229|sc
P02838246A0225|228 228|P
P11191208A0000|229 232|PDR1
P07592946A0997|229 231|p53
P08680702A0548|229 229|p
P07830112A0532|229 229|p
P09703021A0000|230 233|step
P01384229A0175|230 232|CAT
P08304342A0605|232 236|HLA-A
P10552357A1936|232 234|AIR
P08820642A0173|236 237|HR
P09880029A0703|236 237|C6
P09705324A1602|236 237|AR
P10592824A1157|236 236|P
P09382924A0131|237 241|PSMB7
P10026824A0309|237 238|Gs
P09759691A1051|237 237|L
P06314312A0359|237 237|P
P07937656A0182|237 237|p
P10628971A1165|238 242|INP53
P09098066A0119|238 240|crl
P07733075A1200|238 239|wk
P02966671A0551|238 238|h
P02166040A0385|240 242|neo
P07649098A0676|240 241|nt
P11730182A0984|240 240|r
P01448917A0775|241 248|helicase
P08231398A0802|242 244|CD4
P01395755A1023|242 242|p
P11730182A0984|242 242|p
P10400712A0577|242 242|L
P06966678A0523|242 242|r
P06668316A0178|243 245|min
P10797125A0000|243 245|min
P07113897A0285|243 243|p
P02743842A0000|244 244|H
P08006773A0836|244 244|p
P07616569A0168|245 248|rps3
P10464310A0218|245 247|Crk
P09773975A1873|247 249|min
P02607766A0000|247 248|Hg
P08418183A0000|247 247|W
P09794795A0183|248 252|STAT1
P09398855A0438|248 250|p53
P11191365A0682|248 248|P
P11127200A1024|249 251|PTH
P02999267A0885|249 250|GS
P10407184A0520|249 250|rh
P04024685A0650|249 250|ml
P01721884A0962|249 249|D
P09175858A1449|250 254|GAPDH
P07616569A0168|250 254|rps11
P03602261A0238|251 251|r
P10318806A0918|252 254|Crk
P09111340A0240|252 254|CAT
P07683375A0000|252 253|ER
P08915508A0000|253 260|protease
P08418183A0000|253 253|H
P08067546A0000|254 256|dog
P09331864A0230|255 257|MGA
P03736081A0465|255 255|p
P07616569A0168|256 260|rps12
P08598449A0784|256 258|CA2
P08418183A0000|256 256|W
P06327039A0743|256 256|r
P03597218A0901|256 256|P
P08267667A0748|258 258|p
P08896804A0000|258 258|P
P08411276A0302|258 258|A
P09334475A0327|259 259|h
P09502627A0705|259 259|p
P11730182A0984|260 260|r
P08411276A0302|260 260|B
P04024685A0650|261 262|ml
P08418183A0000|261 261|H
P08719155A0105|262 263|CS
P11730182A0984|262 262|p
P09407026A0426|263 267|nuc-1
P07616569A0168|264 268|rpl16
P07898840X0000|264 266|FGR
P04024685A0650|264 264|p
P08418183A0000|264 264|W
P08067123A0248|264 264|p
P06327039A0743|264 264|p
P07937656A0182|265 265|p
P06966678A0523|267 267|r
P07534306A0444|268 268|L
P10065684A0916|268 268|p
P11561626A0197|269 271|air
P08732665A0000|270 272|EGF
P10965905A1618|270 270|s
P02586513A0622|271 273|Ser
P11730182A0984|271 271|P
P09504423A0114|272 279|protease
P01372802A1481|272 273|C3
P10773455A1268|273 277|ALAS2
P07007591A0324|273 275|CPZ
P03878585A0507|273 273|r
P08418183A0000|273 273|H
P07453919A0000|274 277|pain
P09773975A1873|274 276|min
P10407184A0520|275 277|URE
P01372802A1481|275 275|D
P03602261A0238|275 275|r
P02485188A0415|275 275|p
P08418183A0000|276 276|W
P10493876A0000|278 278|B
P09400613A0594|279 282|HIS3
P10493876A0000|280 280|g
P08615025A1214|286 288|CD4
P08454077A0956|287 287|p
P11416393A0000|287 287|g
P06966678A0523|291 291|r
P11029704A0378|295 298|ABI3
P11278583A0873|298 300|Sos
P03602261A0238|300 300|r
P09773975A1873|301 303|min
P10647859A0000|302 302|P
P07937656A0182|303 303|p
P09099745A1446|305 308|Cdk2
P09794795A0183|319 322|SHP2
P01372802A1481|321 322|C3
P00753237A0000|322 322|D
P08680702A0548|323 323|p
P08267667A0748|327 327|p
P07453919A0000|330 333|side
P11194183A0866|330 330|P
P10592791A0370|336 339|lack
P08615025A1214|342 344|CD4
P08680702A0548|350 350|p
P01913955A0177|354 361|collagen
P03736081A0465|354 354|p
P02703925A0359|355 356|LW
P02743842A0000|363 365|min
P02607766A0000|364 365|Hg
P10493876A0000|367 367|B
P10493876A0000|369 369|g
P01913955A0177|381 388|collagen
P11069756A2618|382 384|PKL
P10493876A0000|394 394|d
P08267667A0748|401 401|p
P11069756A2618|407 410|POR1
P11738404A0120|435 436|MS
P03830147A0000|446 448|min
P09115395A0478|447 450|Sox3
P09115395A0478|452 456|Vent2
P10493876A0000|455 455|B
P10493876A0000|457 457|g
P00753237A0000|485 487|fig
